2017-10-29T16:52:06.908-0700 I CONTROL  [initandlisten] MongoDB starting : pid=1056 port=27018 dbpath=replicaset2 64-bit host=DESKTOP-LAFMESF
2017-10-29T16:52:06.908-0700 I CONTROL  [initandlisten] targetMinOS: Windows 7/Windows Server 2008 R2
2017-10-29T16:52:06.908-0700 I CONTROL  [initandlisten] db version v3.4.9
2017-10-29T16:52:06.909-0700 I CONTROL  [initandlisten] git version: 876ebee8c7dd0e2d992f36a848ff4dc50ee6603e
2017-10-29T16:52:06.909-0700 I CONTROL  [initandlisten] OpenSSL version: OpenSSL 1.0.1u-fips  22 Sep 2016
2017-10-29T16:52:06.909-0700 I CONTROL  [initandlisten] allocator: tcmalloc
2017-10-29T16:52:06.909-0700 I CONTROL  [initandlisten] modules: none
2017-10-29T16:52:06.909-0700 I CONTROL  [initandlisten] build environment:
2017-10-29T16:52:06.910-0700 I CONTROL  [initandlisten]     distmod: 2008plus-ssl
2017-10-29T16:52:06.910-0700 I CONTROL  [initandlisten]     distarch: x86_64
2017-10-29T16:52:06.910-0700 I CONTROL  [initandlisten]     target_arch: x86_64
2017-10-29T16:52:06.910-0700 I CONTROL  [initandlisten] options: { net: { port: 27018 }, replication: { replSet: "shopping" }, storage: { dbPath: "replicaset2" }, systemLog: { destination: "file", path: "rs2.log" } }
2017-10-29T16:52:06.912-0700 I STORAGE  [initandlisten] wiredtiger_open config: create,cache_size=3536M,session_max=20000,eviction=(threads_min=4,threads_max=4),config_base=false,statistics=(fast),log=(enabled=true,archive=true,path=journal,compressor=snappy),file_manager=(close_idle_time=100000),checkpoint=(wait=60,log_size=2GB),statistics_log=(wait=0),
2017-10-29T16:52:07.364-0700 I CONTROL  [initandlisten] 
2017-10-29T16:52:07.365-0700 I CONTROL  [initandlisten] ** WARNING: Access control is not enabled for the database.
2017-10-29T16:52:07.365-0700 I CONTROL  [initandlisten] **          Read and write access to data and configuration is unrestricted.
2017-10-29T16:52:07.365-0700 I CONTROL  [initandlisten] 
2017-10-29T16:52:07.590-0700 I FTDC     [initandlisten] Initializing full-time diagnostic data capture with directory 'replicaset2/diagnostic.data'
2017-10-29T16:52:07.661-0700 I REPL     [initandlisten] Did not find local voted for document at startup.
2017-10-29T16:52:07.661-0700 I REPL     [initandlisten] Did not find local replica set configuration document at startup;  NoMatchingDocument: Did not find replica set configuration document in local.system.replset
2017-10-29T16:52:07.661-0700 I NETWORK  [thread1] waiting for connections on port 27018
2017-10-29T16:52:50.614-0700 I NETWORK  [thread1] connection accepted from 127.0.0.1:54281 #1 (1 connection now open)
2017-10-29T16:52:50.623-0700 I -        [conn1] end connection 127.0.0.1:54281 (1 connection now open)
2017-10-29T16:52:51.686-0700 I NETWORK  [thread1] connection accepted from 127.0.0.1:54285 #2 (1 connection now open)
2017-10-29T16:52:51.687-0700 I NETWORK  [conn2] received client metadata from 127.0.0.1:54285 conn2: { driver: { name: "NetworkInterfaceASIO-Replication", version: "3.4.9" }, os: { type: "Windows", name: "Microsoft Windows 8", architecture: "x86_64", version: "6.2 (build 9200)" } }
2017-10-29T16:52:51.766-0700 I ASIO     [NetworkInterfaceASIO-Replication-0] Connecting to localhost:27017
2017-10-29T16:52:52.783-0700 I ASIO     [NetworkInterfaceASIO-Replication-0] Successfully connected to localhost:27017, took 1017ms (1 connections now open to localhost:27017)
2017-10-29T16:52:52.793-0700 I NETWORK  [thread1] connection accepted from 127.0.0.1:54293 #3 (2 connections now open)
2017-10-29T16:52:52.796-0700 I -        [conn3] end connection 127.0.0.1:54293 (2 connections now open)
2017-10-29T16:52:53.001-0700 I REPL     [replExecDBWorker-2] Starting replication storage threads
2017-10-29T16:52:53.414-0700 I REPL     [replication-0] Starting initial sync (attempt 1 of 10)
2017-10-29T16:52:53.428-0700 I REPL     [ReplicationExecutor] New replica set config in use: { _id: "shopping", version: 1, protocolVersion: 1, members: [ { _id: 0, host: "localhost:27017", arbiterOnly: false, buildIndexes: true, hidden: false, priority: 1.0, tags: {}, slaveDelay: 0, votes: 1 }, { _id: 1, host: "localhost:27018", arbiterOnly: false, buildIndexes: true, hidden: false, priority: 1.0, tags: {}, slaveDelay: 0, votes: 1 }, { _id: 3, host: "localhost:27019", arbiterOnly: false, buildIndexes: true, hidden: false, priority: 1.0, tags: {}, slaveDelay: 0, votes: 1 } ], settings: { chainingAllowed: true, heartbeatIntervalMillis: 2000, heartbeatTimeoutSecs: 10, electionTimeoutMillis: 10000, catchUpTimeoutMillis: 60000, getLastErrorModes: {}, getLastErrorDefaults: { w: 1, wtimeout: 0 }, replicaSetId: ObjectId('59f669d2241a64c6c854af91') } }
2017-10-29T16:52:53.429-0700 I REPL     [ReplicationExecutor] This node is localhost:27018 in the config
2017-10-29T16:52:53.429-0700 I REPL     [ReplicationExecutor] transition to STARTUP2
2017-10-29T16:52:53.430-0700 I ASIO     [NetworkInterfaceASIO-Replication-0] Connecting to localhost:27019
2017-10-29T16:52:53.431-0700 I REPL     [ReplicationExecutor] Member localhost:27017 is now in state SECONDARY
2017-10-29T16:52:54.436-0700 I NETWORK  [thread1] connection accepted from 127.0.0.1:54297 #4 (2 connections now open)
2017-10-29T16:52:54.437-0700 I NETWORK  [conn4] received client metadata from 127.0.0.1:54297 conn4: { driver: { name: "NetworkInterfaceASIO-Replication", version: "3.4.9" }, os: { type: "Windows", name: "Microsoft Windows 8", architecture: "x86_64", version: "6.2 (build 9200)" } }
2017-10-29T16:52:54.437-0700 I ASIO     [NetworkInterfaceASIO-Replication-0] Successfully connected to localhost:27019, took 1008ms (1 connections now open to localhost:27019)
2017-10-29T16:52:54.437-0700 I REPL     [ReplicationExecutor] Member localhost:27019 is now in state STARTUP2
2017-10-29T16:52:58.646-0700 I REPL     [replication-0] sync source candidate: localhost:27017
2017-10-29T16:52:58.646-0700 I STORAGE  [replication-0] dropAllDatabasesExceptLocal 1
2017-10-29T16:52:58.647-0700 I REPL     [replication-0] ******
2017-10-29T16:52:58.647-0700 I REPL     [replication-0] creating replication oplog of size: 19988MB...
2017-10-29T16:52:58.721-0700 I STORAGE  [replication-0] Starting WiredTigerRecordStoreThread local.oplog.rs
2017-10-29T16:52:58.722-0700 I STORAGE  [replication-0] The size storer reports that the oplog contains 0 records totaling to 0 bytes
2017-10-29T16:52:58.722-0700 I STORAGE  [replication-0] Scanning the oplog to determine where to place markers for truncation
2017-10-29T16:52:59.285-0700 I REPL     [replication-0] ******
2017-10-29T16:52:59.286-0700 I ASIO     [NetworkInterfaceASIO-RS-0] Connecting to localhost:27017
2017-10-29T16:53:00.293-0700 I ASIO     [NetworkInterfaceASIO-RS-0] Successfully connected to localhost:27017, took 1008ms (1 connections now open to localhost:27017)
2017-10-29T16:53:00.305-0700 I ASIO     [NetworkInterfaceASIO-RS-0] Connecting to localhost:27017
2017-10-29T16:53:01.315-0700 I ASIO     [NetworkInterfaceASIO-RS-0] Successfully connected to localhost:27017, took 1010ms (2 connections now open to localhost:27017)
2017-10-29T16:53:01.319-0700 I REPL     [replication-1] CollectionCloner::start called, on ns:admin.system.version
2017-10-29T16:53:01.512-0700 I INDEX    [InitialSyncInserters-admin.system.version0] build index on: admin.system.version properties: { v: 2, key: { version: 1 }, name: "incompatible_with_version_32", ns: "admin.system.version" }
2017-10-29T16:53:01.513-0700 I INDEX    [InitialSyncInserters-admin.system.version0] 	 building index using bulk method; build may temporarily use up to 500 megabytes of RAM
2017-10-29T16:53:01.615-0700 I INDEX    [InitialSyncInserters-admin.system.version0] build index on: admin.system.version properties: { v: 1, key: { _id: 1 }, name: "_id_", ns: "admin.system.version" }
2017-10-29T16:53:01.615-0700 I INDEX    [InitialSyncInserters-admin.system.version0] 	 building index using bulk method; build may temporarily use up to 500 megabytes of RAM
2017-10-29T16:53:01.631-0700 I COMMAND  [InitialSyncInserters-admin.system.version0] setting featureCompatibilityVersion to 3.4
2017-10-29T16:53:01.767-0700 I REPL     [replication-1] No need to apply operations. (currently at { : Timestamp 1509321172000|1 })
2017-10-29T16:53:01.769-0700 I ASIO     [NetworkInterfaceASIO-RS-0] Ending connection to host localhost:27017 due to bad connection status; 1 connections to that host remain open
2017-10-29T16:53:01.769-0700 I REPL     [replication-1] Finished fetching oplog during initial sync: CallbackCanceled: Callback canceled. Last fetched optime and hash: { ts: Timestamp 1509321172000|1, t: -1 }[4031068381758321971]
2017-10-29T16:53:01.769-0700 I REPL     [replication-1] Initial sync attempt finishing up.
2017-10-29T16:53:01.769-0700 I REPL     [replication-1] Initial Sync Attempt Statistics: { failedInitialSyncAttempts: 0, maxFailedInitialSyncAttempts: 10, initialSyncStart: new Date(1509321173413), initialSyncAttempts: [], fetchedMissingDocs: 0, appliedOps: 0, initialSyncOplogStart: Timestamp 1509321172000|1, initialSyncOplogEnd: Timestamp 1509321172000|1, databases: { databasesCloned: 1, admin: { collections: 1, clonedCollections: 1, start: new Date(1509321180375), end: new Date(1509321181766), elapsedMillis: 1391, admin.system.version: { documentsToCopy: 1, documentsCopied: 1, indexes: 2, fetchedBatches: 1, start: new Date(1509321181319), end: new Date(1509321181766), elapsedMillis: 447 } } } }
2017-10-29T16:53:01.844-0700 I REPL     [replication-1] initial sync done; took 8s.
2017-10-29T16:53:01.845-0700 I REPL     [replication-1] Starting replication fetcher thread
2017-10-29T16:53:01.846-0700 I REPL     [replication-1] Starting replication applier thread
2017-10-29T16:53:01.848-0700 I REPL     [rsBackgroundSync] could not find member to sync from
2017-10-29T16:53:01.848-0700 I REPL     [replication-1] Starting replication reporter thread
2017-10-29T16:53:01.848-0700 I REPL     [rsSync] transition to RECOVERING
2017-10-29T16:53:01.858-0700 I REPL     [rsSync] transition to SECONDARY
2017-10-29T16:53:03.222-0700 I COMMAND  [conn2] command local.replset.election command: replSetRequestVotes { replSetRequestVotes: 1, setName: "shopping", dryRun: false, term: 1, candidateIndex: 0, configVersion: 1, lastCommittedOp: { ts: Timestamp 1509321172000|1, t: -1 } } numYields:0 reslen:63 locks:{ Global: { acquireCount: { r: 4, w: 2 } }, Database: { acquireCount: { r: 1, W: 2 } }, Collection: { acquireCount: { r: 1 } } } protocol:op_command 180ms
2017-10-29T16:53:06.851-0700 I REPL     [ReplicationExecutor] Member localhost:27017 is now in state PRIMARY
2017-10-29T16:53:06.851-0700 I REPL     [ReplicationExecutor] Member localhost:27019 is now in state SECONDARY
2017-10-29T16:53:06.852-0700 I REPL     [rsBackgroundSync] sync source candidate: localhost:27017
2017-10-29T16:53:06.875-0700 I ASIO     [NetworkInterfaceASIO-RS-0] Connecting to localhost:27017
2017-10-29T16:53:07.882-0700 I ASIO     [NetworkInterfaceASIO-RS-0] Successfully connected to localhost:27017, took 1007ms (2 connections now open to localhost:27017)
2017-10-29T16:54:50.047-0700 I ASIO     [NetworkInterfaceASIO-RS-0] Connecting to localhost:27017
2017-10-29T16:54:51.062-0700 I ASIO     [NetworkInterfaceASIO-RS-0] Successfully connected to localhost:27017, took 1015ms (3 connections now open to localhost:27017)
2017-10-29T16:56:09.942-0700 I ASIO     [NetworkInterfaceASIO-RS-0] Ending idle connection to host localhost:27017 because the pool meets constraints; 2 connections to that host remain open
2017-10-29T17:00:30.065-0700 I ASIO     [NetworkInterfaceASIO-RS-0] Connecting to localhost:27017
2017-10-29T17:00:31.071-0700 I ASIO     [NetworkInterfaceASIO-RS-0] Successfully connected to localhost:27017, took 1006ms (3 connections now open to localhost:27017)
2017-10-29T17:01:30.066-0700 I ASIO     [NetworkInterfaceASIO-RS-0] Ending idle connection to host localhost:27017 because the pool meets constraints; 2 connections to that host remain open
2017-10-29T17:05:40.208-0700 I ASIO     [NetworkInterfaceASIO-RS-0] Connecting to localhost:27017
2017-10-29T17:05:41.213-0700 I ASIO     [NetworkInterfaceASIO-RS-0] Successfully connected to localhost:27017, took 1005ms (3 connections now open to localhost:27017)
2017-10-29T17:06:40.208-0700 I ASIO     [NetworkInterfaceASIO-RS-0] Ending idle connection to host localhost:27017 because the pool meets constraints; 2 connections to that host remain open
2017-10-29T17:07:50.110-0700 I ASIO     [NetworkInterfaceASIO-RS-0] Connecting to localhost:27017
2017-10-29T17:07:51.115-0700 I ASIO     [NetworkInterfaceASIO-RS-0] Successfully connected to localhost:27017, took 1005ms (3 connections now open to localhost:27017)
2017-10-29T17:08:50.111-0700 I ASIO     [NetworkInterfaceASIO-RS-0] Ending idle connection to host localhost:27017 because the pool meets constraints; 2 connections to that host remain open
2017-10-29T17:11:50.174-0700 I ASIO     [NetworkInterfaceASIO-RS-0] Connecting to localhost:27017
2017-10-29T17:11:51.178-0700 I ASIO     [NetworkInterfaceASIO-RS-0] Successfully connected to localhost:27017, took 1004ms (3 connections now open to localhost:27017)
2017-10-29T17:12:50.175-0700 I ASIO     [NetworkInterfaceASIO-RS-0] Ending idle connection to host localhost:27017 because the pool meets constraints; 2 connections to that host remain open
2017-10-29T17:18:40.185-0700 I ASIO     [NetworkInterfaceASIO-RS-0] Connecting to localhost:27017
2017-10-29T17:18:41.191-0700 I ASIO     [NetworkInterfaceASIO-RS-0] Successfully connected to localhost:27017, took 1006ms (3 connections now open to localhost:27017)
2017-10-29T17:19:40.187-0700 I ASIO     [NetworkInterfaceASIO-RS-0] Ending idle connection to host localhost:27017 because the pool meets constraints; 2 connections to that host remain open
2017-10-29T17:20:43.103-0700 I NETWORK  [thread1] connection accepted from 127.0.0.1:54560 #5 (3 connections now open)
2017-10-29T17:20:43.113-0700 I NETWORK  [conn5] received client metadata from 127.0.0.1:54560 conn5: { driver: { name: "nodejs", version: "2.2.33" }, os: { type: "Windows_NT", name: "win32", architecture: "x64", version: "10.0.15063" }, platform: "Node.js v6.11.3, LE, mongodb-core: 2.1.17" }
2017-10-29T17:20:43.140-0700 I -        [conn5] end connection 127.0.0.1:54560 (3 connections now open)
2017-10-29T17:23:20.230-0700 I ASIO     [NetworkInterfaceASIO-RS-0] Connecting to localhost:27017
2017-10-29T17:23:21.240-0700 I ASIO     [NetworkInterfaceASIO-RS-0] Successfully connected to localhost:27017, took 1010ms (3 connections now open to localhost:27017)
2017-10-29T17:24:13.997-0700 I NETWORK  [thread1] connection accepted from 127.0.0.1:54622 #6 (3 connections now open)
2017-10-29T17:24:14.007-0700 I NETWORK  [conn6] received client metadata from 127.0.0.1:54622 conn6: { driver: { name: "nodejs", version: "2.2.33" }, os: { type: "Windows_NT", name: "win32", architecture: "x64", version: "10.0.15063" }, platform: "Node.js v6.11.3, LE, mongodb-core: 2.1.17" }
2017-10-29T17:24:14.031-0700 I -        [conn6] end connection 127.0.0.1:54622 (3 connections now open)
2017-10-29T17:24:20.231-0700 I ASIO     [NetworkInterfaceASIO-RS-0] Ending idle connection to host localhost:27017 because the pool meets constraints; 2 connections to that host remain open
2017-10-29T17:24:34.920-0700 I NETWORK  [thread1] connection accepted from 127.0.0.1:54626 #7 (3 connections now open)
2017-10-29T17:24:34.921-0700 I NETWORK  [conn7] received client metadata from 127.0.0.1:54626 conn7: { driver: { name: "nodejs", version: "2.2.33" }, os: { type: "Windows_NT", name: "win32", architecture: "x64", version: "10.0.15063" }, platform: "Node.js v6.11.3, LE, mongodb-core: 2.1.17" }
2017-10-29T17:24:34.937-0700 I -        [conn7] end connection 127.0.0.1:54626 (3 connections now open)
2017-10-29T17:24:43.231-0700 I NETWORK  [thread1] connection accepted from 127.0.0.1:54629 #8 (3 connections now open)
2017-10-29T17:24:43.232-0700 I NETWORK  [conn8] received client metadata from 127.0.0.1:54629 conn8: { driver: { name: "nodejs", version: "2.2.33" }, os: { type: "Windows_NT", name: "win32", architecture: "x64", version: "10.0.15063" }, platform: "Node.js v6.11.3, LE, mongodb-core: 2.1.17" }
2017-10-29T17:24:43.243-0700 I -        [conn8] end connection 127.0.0.1:54629 (3 connections now open)
2017-10-29T17:31:50.364-0700 I ASIO     [NetworkInterfaceASIO-RS-0] Connecting to localhost:27017
2017-10-29T17:31:51.367-0700 I ASIO     [NetworkInterfaceASIO-RS-0] Successfully connected to localhost:27017, took 1003ms (3 connections now open to localhost:27017)
2017-10-29T17:32:50.365-0700 I ASIO     [NetworkInterfaceASIO-RS-0] Ending idle connection to host localhost:27017 because the pool meets constraints; 2 connections to that host remain open
2017-10-29T17:46:20.460-0700 I ASIO     [NetworkInterfaceASIO-RS-0] Connecting to localhost:27017
2017-10-29T17:46:21.465-0700 I ASIO     [NetworkInterfaceASIO-RS-0] Successfully connected to localhost:27017, took 1005ms (3 connections now open to localhost:27017)
2017-10-29T17:47:20.461-0700 I ASIO     [NetworkInterfaceASIO-RS-0] Ending idle connection to host localhost:27017 because the pool meets constraints; 2 connections to that host remain open
2017-10-29T17:47:46.086-0700 I ASIO     [NetworkInterfaceASIO-RS-0] Connecting to localhost:27017
2017-10-29T17:47:47.089-0700 I ASIO     [NetworkInterfaceASIO-RS-0] Successfully connected to localhost:27017, took 1003ms (3 connections now open to localhost:27017)
2017-10-29T17:48:46.087-0700 I ASIO     [NetworkInterfaceASIO-RS-0] Ending idle connection to host localhost:27017 because the pool meets constraints; 2 connections to that host remain open
2017-10-29T17:49:10.482-0700 I ASIO     [NetworkInterfaceASIO-RS-0] Connecting to localhost:27017
2017-10-29T17:49:11.486-0700 I ASIO     [NetworkInterfaceASIO-RS-0] Successfully connected to localhost:27017, took 1004ms (3 connections now open to localhost:27017)
2017-10-29T17:50:10.483-0700 I ASIO     [NetworkInterfaceASIO-RS-0] Ending idle connection to host localhost:27017 because the pool meets constraints; 2 connections to that host remain open
2017-10-29T17:51:30.417-0700 I ASIO     [NetworkInterfaceASIO-RS-0] Connecting to localhost:27017
2017-10-29T17:51:31.423-0700 I ASIO     [NetworkInterfaceASIO-RS-0] Successfully connected to localhost:27017, took 1006ms (3 connections now open to localhost:27017)
2017-10-29T17:53:00.419-0700 I ASIO     [NetworkInterfaceASIO-RS-0] Ending idle connection to host localhost:27017 because the pool meets constraints; 2 connections to that host remain open
2017-10-29T17:54:20.480-0700 I ASIO     [NetworkInterfaceASIO-RS-0] Connecting to localhost:27017
2017-10-29T17:54:21.484-0700 I ASIO     [NetworkInterfaceASIO-RS-0] Successfully connected to localhost:27017, took 1004ms (3 connections now open to localhost:27017)
2017-10-29T17:55:20.481-0700 I ASIO     [NetworkInterfaceASIO-RS-0] Ending idle connection to host localhost:27017 because the pool meets constraints; 2 connections to that host remain open
2017-10-29T17:57:00.499-0700 I ASIO     [NetworkInterfaceASIO-RS-0] Connecting to localhost:27017
2017-10-29T17:57:01.502-0700 I ASIO     [NetworkInterfaceASIO-RS-0] Successfully connected to localhost:27017, took 1003ms (3 connections now open to localhost:27017)
2017-10-29T17:58:00.499-0700 I ASIO     [NetworkInterfaceASIO-RS-0] Ending idle connection to host localhost:27017 because the pool meets constraints; 2 connections to that host remain open
2017-10-29T17:59:50.529-0700 I ASIO     [NetworkInterfaceASIO-RS-0] Connecting to localhost:27017
2017-10-29T17:59:51.538-0700 I ASIO     [NetworkInterfaceASIO-RS-0] Successfully connected to localhost:27017, took 1009ms (3 connections now open to localhost:27017)
2017-10-29T18:00:50.530-0700 I ASIO     [NetworkInterfaceASIO-RS-0] Ending idle connection to host localhost:27017 because the pool meets constraints; 2 connections to that host remain open
2017-10-29T18:05:20.513-0700 I ASIO     [NetworkInterfaceASIO-RS-0] Connecting to localhost:27017
2017-10-29T18:05:21.521-0700 I ASIO     [NetworkInterfaceASIO-RS-0] Successfully connected to localhost:27017, took 1008ms (3 connections now open to localhost:27017)
2017-10-29T18:06:20.515-0700 I ASIO     [NetworkInterfaceASIO-RS-0] Ending idle connection to host localhost:27017 because the pool meets constraints; 2 connections to that host remain open
2017-10-29T18:10:50.539-0700 I ASIO     [NetworkInterfaceASIO-RS-0] Connecting to localhost:27017
2017-10-29T18:10:51.542-0700 I ASIO     [NetworkInterfaceASIO-RS-0] Successfully connected to localhost:27017, took 1003ms (3 connections now open to localhost:27017)
2017-10-29T18:11:50.539-0700 I ASIO     [NetworkInterfaceASIO-RS-0] Ending idle connection to host localhost:27017 because the pool meets constraints; 2 connections to that host remain open
2017-10-29T18:12:20.559-0700 I ASIO     [NetworkInterfaceASIO-RS-0] Connecting to localhost:27017
2017-10-29T18:12:21.565-0700 I ASIO     [NetworkInterfaceASIO-RS-0] Successfully connected to localhost:27017, took 1006ms (3 connections now open to localhost:27017)
2017-10-29T18:13:20.560-0700 I ASIO     [NetworkInterfaceASIO-RS-0] Ending idle connection to host localhost:27017 because the pool meets constraints; 2 connections to that host remain open
2017-10-29T18:13:30.556-0700 I ASIO     [NetworkInterfaceASIO-RS-0] Connecting to localhost:27017
2017-10-29T18:13:31.561-0700 I ASIO     [NetworkInterfaceASIO-RS-0] Successfully connected to localhost:27017, took 1005ms (3 connections now open to localhost:27017)
2017-10-29T18:14:30.557-0700 I ASIO     [NetworkInterfaceASIO-RS-0] Ending idle connection to host localhost:27017 because the pool meets constraints; 2 connections to that host remain open
2017-10-29T18:24:10.593-0700 I ASIO     [NetworkInterfaceASIO-RS-0] Connecting to localhost:27017
2017-10-29T18:24:11.600-0700 I ASIO     [NetworkInterfaceASIO-RS-0] Successfully connected to localhost:27017, took 1007ms (3 connections now open to localhost:27017)
2017-10-29T18:25:10.595-0700 I ASIO     [NetworkInterfaceASIO-RS-0] Ending idle connection to host localhost:27017 because the pool meets constraints; 2 connections to that host remain open
2017-10-29T18:26:00.572-0700 I ASIO     [NetworkInterfaceASIO-RS-0] Connecting to localhost:27017
2017-10-29T18:26:01.577-0700 I ASIO     [NetworkInterfaceASIO-RS-0] Successfully connected to localhost:27017, took 1005ms (3 connections now open to localhost:27017)
2017-10-29T18:27:00.573-0700 I ASIO     [NetworkInterfaceASIO-RS-0] Ending idle connection to host localhost:27017 because the pool meets constraints; 2 connections to that host remain open
2017-10-29T18:27:16.731-0700 I ASIO     [NetworkInterfaceASIO-RS-0] Connecting to localhost:27017
2017-10-29T18:27:17.737-0700 I ASIO     [NetworkInterfaceASIO-RS-0] Successfully connected to localhost:27017, took 1006ms (3 connections now open to localhost:27017)
2017-10-29T18:28:16.733-0700 I ASIO     [NetworkInterfaceASIO-RS-0] Ending idle connection to host localhost:27017 because the pool meets constraints; 2 connections to that host remain open
2017-10-29T18:31:50.638-0700 I ASIO     [NetworkInterfaceASIO-RS-0] Connecting to localhost:27017
2017-10-29T18:31:51.643-0700 I ASIO     [NetworkInterfaceASIO-RS-0] Successfully connected to localhost:27017, took 1006ms (3 connections now open to localhost:27017)
2017-10-29T18:32:50.640-0700 I ASIO     [NetworkInterfaceASIO-RS-0] Ending idle connection to host localhost:27017 because the pool meets constraints; 2 connections to that host remain open
2017-10-29T18:33:00.624-0700 I ASIO     [NetworkInterfaceASIO-RS-0] Connecting to localhost:27017
2017-10-29T18:33:01.632-0700 I ASIO     [NetworkInterfaceASIO-RS-0] Successfully connected to localhost:27017, took 1009ms (3 connections now open to localhost:27017)
2017-10-29T18:34:00.624-0700 I ASIO     [NetworkInterfaceASIO-RS-0] Ending idle connection to host localhost:27017 because the pool meets constraints; 2 connections to that host remain open
2017-10-29T18:34:00.653-0700 I ASIO     [NetworkInterfaceASIO-RS-0] Connecting to localhost:27017
2017-10-29T18:34:01.659-0700 I ASIO     [NetworkInterfaceASIO-RS-0] Successfully connected to localhost:27017, took 1006ms (3 connections now open to localhost:27017)
2017-10-29T18:35:00.654-0700 I ASIO     [NetworkInterfaceASIO-RS-0] Ending idle connection to host localhost:27017 because the pool meets constraints; 2 connections to that host remain open
2017-10-29T18:35:55.772-0700 I ASIO     [NetworkInterfaceASIO-RS-0] Connecting to localhost:27017
2017-10-29T18:35:56.803-0700 I ASIO     [NetworkInterfaceASIO-RS-0] Successfully connected to localhost:27017, took 1031ms (3 connections now open to localhost:27017)
2017-10-29T18:36:55.773-0700 I ASIO     [NetworkInterfaceASIO-RS-0] Ending idle connection to host localhost:27017 because the pool meets constraints; 2 connections to that host remain open
2017-10-29T18:38:00.662-0700 I ASIO     [NetworkInterfaceASIO-RS-0] Connecting to localhost:27017
2017-10-29T18:38:01.665-0700 I ASIO     [NetworkInterfaceASIO-RS-0] Successfully connected to localhost:27017, took 1003ms (3 connections now open to localhost:27017)
2017-10-29T18:39:00.663-0700 I ASIO     [NetworkInterfaceASIO-RS-0] Ending idle connection to host localhost:27017 because the pool meets constraints; 2 connections to that host remain open
2017-10-29T18:39:16.514-0700 I ASIO     [NetworkInterfaceASIO-RS-0] Connecting to localhost:27017
2017-10-29T18:39:17.521-0700 I ASIO     [NetworkInterfaceASIO-RS-0] Successfully connected to localhost:27017, took 1007ms (3 connections now open to localhost:27017)
2017-10-29T18:40:30.719-0700 I ASIO     [NetworkInterfaceASIO-RS-0] Ending idle connection to host localhost:27017 because the pool meets constraints; 2 connections to that host remain open
2017-10-29T18:41:30.699-0700 I ASIO     [NetworkInterfaceASIO-RS-0] Connecting to localhost:27017
2017-10-29T18:41:31.704-0700 I ASIO     [NetworkInterfaceASIO-RS-0] Successfully connected to localhost:27017, took 1005ms (3 connections now open to localhost:27017)
2017-10-29T18:42:30.701-0700 I ASIO     [NetworkInterfaceASIO-RS-0] Ending idle connection to host localhost:27017 because the pool meets constraints; 2 connections to that host remain open
2017-10-29T18:45:40.737-0700 I ASIO     [NetworkInterfaceASIO-RS-0] Connecting to localhost:27017
2017-10-29T18:45:41.742-0700 I ASIO     [NetworkInterfaceASIO-RS-0] Successfully connected to localhost:27017, took 1005ms (3 connections now open to localhost:27017)
2017-10-29T18:46:40.738-0700 I ASIO     [NetworkInterfaceASIO-RS-0] Ending idle connection to host localhost:27017 because the pool meets constraints; 2 connections to that host remain open
2017-10-29T18:50:50.780-0700 I ASIO     [NetworkInterfaceASIO-RS-0] Connecting to localhost:27017
2017-10-29T18:50:51.788-0700 I ASIO     [NetworkInterfaceASIO-RS-0] Successfully connected to localhost:27017, took 1008ms (3 connections now open to localhost:27017)
2017-10-29T18:52:00.865-0700 I ASIO     [NetworkInterfaceASIO-RS-0] Ending idle connection to host localhost:27017 because the pool meets constraints; 2 connections to that host remain open
2017-10-29T18:55:30.814-0700 I ASIO     [NetworkInterfaceASIO-RS-0] Connecting to localhost:27017
2017-10-29T18:55:31.824-0700 I ASIO     [NetworkInterfaceASIO-RS-0] Successfully connected to localhost:27017, took 1010ms (3 connections now open to localhost:27017)
2017-10-29T18:56:30.814-0700 I ASIO     [NetworkInterfaceASIO-RS-0] Ending idle connection to host localhost:27017 because the pool meets constraints; 2 connections to that host remain open
2017-10-29T18:57:05.937-0700 I ASIO     [NetworkInterfaceASIO-RS-0] Connecting to localhost:27017
2017-10-29T18:57:06.944-0700 I ASIO     [NetworkInterfaceASIO-RS-0] Successfully connected to localhost:27017, took 1007ms (3 connections now open to localhost:27017)
2017-10-29T18:58:05.939-0700 I ASIO     [NetworkInterfaceASIO-RS-0] Ending idle connection to host localhost:27017 because the pool meets constraints; 2 connections to that host remain open
2017-10-29T19:10:57.649-0700 I REPL     [ReplicationExecutor] Starting an election, since we've seen no PRIMARY in the past 10000ms
2017-10-29T19:10:57.649-0700 I REPL     [ReplicationExecutor] conducting a dry run election to see if we could be elected
2017-10-29T19:10:57.650-0700 I ASIO     [NetworkInterfaceASIO-Replication-0] Connecting to localhost:27017
2017-10-29T19:10:57.650-0700 I ASIO     [NetworkInterfaceASIO-Replication-0] Connecting to localhost:27019
2017-10-29T19:10:57.651-0700 I REPL     [ReplicationExecutor] VoteRequester(term 1 dry run) received a no vote from localhost:27019 with reason "candidate's term is lower than mine"; response message: { term: 2, voteGranted: false, reason: "candidate's term is lower than mine", ok: 1.0 }
2017-10-29T19:10:57.651-0700 I ASIO     [NetworkInterfaceASIO-Replication-0] Failed to connect to localhost:27017 - HostUnreachable: HostUnreachable
2017-10-29T19:10:57.652-0700 I REPL     [ReplicationExecutor] not running for primary, we have been superceded already
2017-10-29T19:10:57.652-0700 I ASIO     [NetworkInterfaceASIO-Replication-0] Dropping all pooled connections to localhost:27017 due to failed operation on a connection
2017-10-29T19:10:57.652-0700 I ASIO     [NetworkInterfaceASIO-Replication-0] Failed to connect to localhost:27019 - HostUnreachable: HostUnreachable
2017-10-29T19:10:57.653-0700 I ASIO     [NetworkInterfaceASIO-Replication-0] Dropping all pooled connections to localhost:27019 due to failed operation on a connection
2017-10-29T19:10:59.222-0700 I REPL     [ReplicationExecutor] Member localhost:27017 is now in state SECONDARY
2017-10-29T19:10:59.650-0700 I ASIO     [NetworkInterfaceASIO-Replication-0] Connecting to localhost:27019
2017-10-29T19:10:59.650-0700 I ASIO     [NetworkInterfaceASIO-Replication-0] Failed to connect to localhost:27019 - HostUnreachable: HostUnreachable
2017-10-29T19:10:59.650-0700 I ASIO     [NetworkInterfaceASIO-Replication-0] Dropping all pooled connections to localhost:27019 due to failed operation on a connection
2017-10-29T19:10:59.650-0700 I REPL     [ReplicationExecutor] Error in heartbeat request to localhost:27019; HostUnreachable: HostUnreachable
2017-10-29T19:10:59.650-0700 I ASIO     [NetworkInterfaceASIO-Replication-0] Connecting to localhost:27019
2017-10-29T19:10:59.650-0700 I ASIO     [NetworkInterfaceASIO-Replication-0] Failed to connect to localhost:27019 - HostUnreachable: HostUnreachable
2017-10-29T19:10:59.650-0700 I ASIO     [NetworkInterfaceASIO-Replication-0] Dropping all pooled connections to localhost:27019 due to failed operation on a connection
2017-10-29T19:10:59.650-0700 I REPL     [ReplicationExecutor] Error in heartbeat request to localhost:27019; HostUnreachable: HostUnreachable
2017-10-29T19:10:59.651-0700 I ASIO     [NetworkInterfaceASIO-Replication-0] Connecting to localhost:27019
2017-10-29T19:10:59.651-0700 I ASIO     [NetworkInterfaceASIO-Replication-0] Failed to connect to localhost:27019 - HostUnreachable: HostUnreachable
2017-10-29T19:10:59.651-0700 I ASIO     [NetworkInterfaceASIO-Replication-0] Dropping all pooled connections to localhost:27019 due to failed operation on a connection
2017-10-29T19:10:59.651-0700 I REPL     [ReplicationExecutor] Error in heartbeat request to localhost:27019; HostUnreachable: HostUnreachable
2017-10-29T19:11:00.301-0700 I COMMAND  [conn4] command local.replset.election command: replSetRequestVotes { replSetRequestVotes: 1, setName: "shopping", dryRun: false, term: 2, candidateIndex: 2, configVersion: 1, lastCommittedOp: { ts: Timestamp 1509329225000|1, t: 1 } } numYields:0 reslen:63 locks:{ Global: { acquireCount: { r: 3, w: 1 } }, Database: { acquireCount: { r: 1, W: 1 } }, Collection: { acquireCount: { r: 1 } } } protocol:op_command 325ms
2017-10-29T19:11:00.535-0700 I ASIO     [NetworkInterfaceASIO-RS-0] Ending idle connection to host localhost:27017 because the pool meets constraints; 1 connections to that host remain open
2017-10-29T19:11:00.535-0700 I ASIO     [NetworkInterfaceASIO-RS-0] Ending connection to host localhost:27017 due to bad connection status; 0 connections to that host remain open
2017-10-29T19:11:00.535-0700 I REPL     [replication-11] Restarting oplog query due to error: ExceededTimeLimit: Operation timed out, request was RemoteCommand 25813 -- target:localhost:27017 db:local expDate:2017-10-29T19:08:15.887-0700 cmd:{ getMore: 21259463508, collection: "oplog.rs", maxTimeMS: 5000, term: 1, lastKnownCommittedOpTime: { ts: Timestamp 1509329225000|1, t: 1 } }. Last fetched optime (with hash): { ts: Timestamp 1509329225000|1, t: 1 }[6282254666967495878]. Restarts remaining: 3
2017-10-29T19:11:00.535-0700 I ASIO     [NetworkInterfaceASIO-RS-0] Connecting to localhost:27017
2017-10-29T19:11:00.535-0700 I REPL     [replication-11] Scheduled new oplog query Fetcher source: localhost:27017 database: local query: { find: "oplog.rs", filter: { ts: { $gte: Timestamp 1509329225000|1 } }, tailable: true, oplogReplay: true, awaitData: true, maxTimeMS: 60000, term: 2 } query metadata: { $replData: 1, $oplogQueryData: 1, $ssm: { $secondaryOk: true } } active: 1 timeout: 65000ms shutting down?: 0 first: 1 firstCommandScheduler: RemoteCommandRetryScheduler request: RemoteCommand 25836 -- target:localhost:27017 db:local cmd:{ find: "oplog.rs", filter: { ts: { $gte: Timestamp 1509329225000|1 } }, tailable: true, oplogReplay: true, awaitData: true, maxTimeMS: 60000, term: 2 } active: 1 callbackHandle.valid: 1 callbackHandle.cancelled: 0 attempt: 1 retryPolicy: RetryPolicyImpl maxAttempts: 1 maxTimeMillis: -1ms
2017-10-29T19:11:00.535-0700 I ASIO     [NetworkInterfaceASIO-RS-0] Connecting to localhost:27017
2017-10-29T19:11:00.545-0700 I ASIO     [NetworkInterfaceASIO-RS-0] Failed to connect to localhost:27017 - HostUnreachable: HostUnreachable
2017-10-29T19:11:00.545-0700 I ASIO     [NetworkInterfaceASIO-RS-0] Dropping all pooled connections to localhost:27017 due to failed operation on a connection
2017-10-29T19:11:00.546-0700 I REPL     [replication-11] Restarting oplog query due to error: HostUnreachable: HostUnreachable. Last fetched optime (with hash): { ts: Timestamp 1509329225000|1, t: 1 }[6282254666967495878]. Restarts remaining: 2
2017-10-29T19:11:00.546-0700 I ASIO     [NetworkInterfaceASIO-RS-0] Failed to connect to localhost:27017 - HostUnreachable: HostUnreachable
2017-10-29T19:11:00.546-0700 I REPL     [SyncSourceFeedback] SyncSourceFeedback error sending update to localhost:27017: HostUnreachable: HostUnreachable
2017-10-29T19:11:00.546-0700 I REPL     [replication-11] Scheduled new oplog query Fetcher source: localhost:27017 database: local query: { find: "oplog.rs", filter: { ts: { $gte: Timestamp 1509329225000|1 } }, tailable: true, oplogReplay: true, awaitData: true, maxTimeMS: 60000, term: 2 } query metadata: { $replData: 1, $oplogQueryData: 1, $ssm: { $secondaryOk: true } } active: 1 timeout: 65000ms shutting down?: 0 first: 1 firstCommandScheduler: RemoteCommandRetryScheduler request: RemoteCommand 25838 -- target:localhost:27017 db:local cmd:{ find: "oplog.rs", filter: { ts: { $gte: Timestamp 1509329225000|1 } }, tailable: true, oplogReplay: true, awaitData: true, maxTimeMS: 60000, term: 2 } active: 1 callbackHandle.valid: 1 callbackHandle.cancelled: 0 attempt: 1 retryPolicy: RetryPolicyImpl maxAttempts: 1 maxTimeMillis: -1ms
2017-10-29T19:11:00.546-0700 I ASIO     [NetworkInterfaceASIO-RS-0] Connecting to localhost:27017
2017-10-29T19:11:00.546-0700 I ASIO     [NetworkInterfaceASIO-RS-0] Connecting to localhost:27017
2017-10-29T19:11:00.548-0700 I ASIO     [NetworkInterfaceASIO-RS-0] Failed to connect to localhost:27017 - HostUnreachable: HostUnreachable
2017-10-29T19:11:00.548-0700 I ASIO     [NetworkInterfaceASIO-RS-0] Dropping all pooled connections to localhost:27017 due to failed operation on a connection
2017-10-29T19:11:00.548-0700 I REPL     [replication-12] Restarting oplog query due to error: HostUnreachable: HostUnreachable. Last fetched optime (with hash): { ts: Timestamp 1509329225000|1, t: 1 }[6282254666967495878]. Restarts remaining: 1
2017-10-29T19:11:00.548-0700 I REPL     [replication-12] Scheduled new oplog query Fetcher source: localhost:27017 database: local query: { find: "oplog.rs", filter: { ts: { $gte: Timestamp 1509329225000|1 } }, tailable: true, oplogReplay: true, awaitData: true, maxTimeMS: 60000, term: 2 } query metadata: { $replData: 1, $oplogQueryData: 1, $ssm: { $secondaryOk: true } } active: 1 timeout: 65000ms shutting down?: 0 first: 1 firstCommandScheduler: RemoteCommandRetryScheduler request: RemoteCommand 25842 -- target:localhost:27017 db:local cmd:{ find: "oplog.rs", filter: { ts: { $gte: Timestamp 1509329225000|1 } }, tailable: true, oplogReplay: true, awaitData: true, maxTimeMS: 60000, term: 2 } active: 1 callbackHandle.valid: 1 callbackHandle.cancelled: 0 attempt: 1 retryPolicy: RetryPolicyImpl maxAttempts: 1 maxTimeMillis: -1ms
2017-10-29T19:11:00.548-0700 I ASIO     [NetworkInterfaceASIO-RS-0] Connecting to localhost:27017
2017-10-29T19:11:00.548-0700 I REPL     [SyncSourceFeedback] SyncSourceFeedback error sending update to localhost:27017: HostUnreachable: HostUnreachable
2017-10-29T19:11:00.549-0700 I ASIO     [NetworkInterfaceASIO-RS-0] Failed to connect to localhost:27017 - HostUnreachable: HostUnreachable
2017-10-29T19:11:00.549-0700 I ASIO     [NetworkInterfaceASIO-RS-0] Failed to connect to localhost:27017 - HostUnreachable: HostUnreachable
2017-10-29T19:11:00.549-0700 I ASIO     [NetworkInterfaceASIO-RS-0] Dropping all pooled connections to localhost:27017 due to failed operation on a connection
2017-10-29T19:11:00.549-0700 I REPL     [replication-12] Error returned from oplog query (no more query restarts left): HostUnreachable: HostUnreachable
2017-10-29T19:11:00.549-0700 W REPL     [rsBackgroundSync] Fetcher stopped querying remote oplog with error: HostUnreachable: HostUnreachable
2017-10-29T19:11:00.550-0700 I REPL     [rsBackgroundSync] could not find member to sync from
2017-10-29T19:11:00.552-0700 I ASIO     [NetworkInterfaceASIO-Replication-0] Connecting to localhost:27017
2017-10-29T19:11:00.552-0700 I ASIO     [NetworkInterfaceASIO-Replication-0] Connecting to localhost:27019
2017-10-29T19:11:00.553-0700 I ASIO     [NetworkInterfaceASIO-Replication-0] Failed to connect to localhost:27017 - HostUnreachable: HostUnreachable
2017-10-29T19:11:00.554-0700 I ASIO     [NetworkInterfaceASIO-Replication-0] Dropping all pooled connections to localhost:27017 due to failed operation on a connection
2017-10-29T19:11:00.554-0700 I REPL     [ReplicationExecutor] Error in heartbeat request to localhost:27017; HostUnreachable: HostUnreachable
2017-10-29T19:11:00.554-0700 I ASIO     [NetworkInterfaceASIO-Replication-0] Failed to connect to localhost:27019 - HostUnreachable: HostUnreachable
2017-10-29T19:11:00.554-0700 I ASIO     [NetworkInterfaceASIO-Replication-0] Dropping all pooled connections to localhost:27019 due to failed operation on a connection
2017-10-29T19:11:00.554-0700 I REPL     [ReplicationExecutor] Error in heartbeat request to localhost:27019; HostUnreachable: HostUnreachable
2017-10-29T19:11:00.554-0700 I ASIO     [NetworkInterfaceASIO-Replication-0] Connecting to localhost:27017
2017-10-29T19:11:00.554-0700 I ASIO     [NetworkInterfaceASIO-Replication-0] Connecting to localhost:27019
2017-10-29T19:11:00.555-0700 I ASIO     [NetworkInterfaceASIO-Replication-0] Failed to connect to localhost:27017 - HostUnreachable: HostUnreachable
2017-10-29T19:11:00.556-0700 I ASIO     [NetworkInterfaceASIO-Replication-0] Dropping all pooled connections to localhost:27017 due to failed operation on a connection
2017-10-29T19:11:00.556-0700 I REPL     [ReplicationExecutor] Error in heartbeat request to localhost:27017; HostUnreachable: HostUnreachable
2017-10-29T19:11:00.557-0700 I ASIO     [NetworkInterfaceASIO-Replication-0] Failed to connect to localhost:27019 - HostUnreachable: HostUnreachable
2017-10-29T19:11:00.557-0700 I ASIO     [NetworkInterfaceASIO-Replication-0] Dropping all pooled connections to localhost:27019 due to failed operation on a connection
2017-10-29T19:11:00.557-0700 I REPL     [ReplicationExecutor] Error in heartbeat request to localhost:27019; HostUnreachable: HostUnreachable
2017-10-29T19:11:00.557-0700 I ASIO     [NetworkInterfaceASIO-Replication-0] Connecting to localhost:27017
2017-10-29T19:11:00.557-0700 I ASIO     [NetworkInterfaceASIO-Replication-0] Connecting to localhost:27019
2017-10-29T19:11:00.560-0700 I ASIO     [NetworkInterfaceASIO-Replication-0] Failed to connect to localhost:27017 - HostUnreachable: HostUnreachable
2017-10-29T19:11:00.560-0700 I ASIO     [NetworkInterfaceASIO-Replication-0] Dropping all pooled connections to localhost:27017 due to failed operation on a connection
2017-10-29T19:11:00.560-0700 I REPL     [ReplicationExecutor] Error in heartbeat request to localhost:27017; HostUnreachable: HostUnreachable
2017-10-29T19:11:00.560-0700 I ASIO     [NetworkInterfaceASIO-Replication-0] Failed to connect to localhost:27019 - HostUnreachable: HostUnreachable
2017-10-29T19:11:00.561-0700 I ASIO     [NetworkInterfaceASIO-Replication-0] Dropping all pooled connections to localhost:27019 due to failed operation on a connection
2017-10-29T19:11:00.561-0700 I REPL     [ReplicationExecutor] Error in heartbeat request to localhost:27019; HostUnreachable: HostUnreachable
2017-10-29T19:11:05.561-0700 I ASIO     [NetworkInterfaceASIO-Replication-0] Connecting to localhost:27017
2017-10-29T19:11:05.561-0700 I ASIO     [NetworkInterfaceASIO-Replication-0] Connecting to localhost:27019
2017-10-29T19:11:05.562-0700 I ASIO     [NetworkInterfaceASIO-Replication-0] Successfully connected to localhost:27017, took 1ms (1 connections now open to localhost:27017)
2017-10-29T19:11:05.562-0700 I ASIO     [NetworkInterfaceASIO-Replication-0] Successfully connected to localhost:27019, took 1ms (1 connections now open to localhost:27019)
2017-10-29T19:11:05.563-0700 I REPL     [ReplicationExecutor] Member localhost:27017 is now in state SECONDARY
2017-10-29T19:11:05.563-0700 I REPL     [ReplicationExecutor] Member localhost:27019 is now in state PRIMARY
2017-10-29T19:11:06.561-0700 I REPL     [rsBackgroundSync] sync source candidate: localhost:27019
2017-10-29T19:11:06.573-0700 I ASIO     [NetworkInterfaceASIO-RS-0] Connecting to localhost:27019
2017-10-29T19:11:06.579-0700 I ASIO     [NetworkInterfaceASIO-RS-0] Failed to connect to localhost:27019 - HostUnreachable: HostUnreachable
2017-10-29T19:11:06.579-0700 I ASIO     [NetworkInterfaceASIO-RS-0] Dropping all pooled connections to localhost:27019 due to failed operation on a connection
2017-10-29T19:11:06.580-0700 I REPL     [replication-11] Blacklisting localhost:27019 due to error: 'HostUnreachable: HostUnreachable' for 10s until: 2017-10-29T19:11:16.580-0700
2017-10-29T19:11:06.591-0700 I REPL     [replication-11] sync source candidate: localhost:27017
2017-10-29T19:11:06.595-0700 I ASIO     [NetworkInterfaceASIO-RS-0] Connecting to localhost:27017
2017-10-29T19:11:06.596-0700 I ASIO     [NetworkInterfaceASIO-RS-0] Failed to connect to localhost:27017 - HostUnreachable: HostUnreachable
2017-10-29T19:11:06.596-0700 I ASIO     [NetworkInterfaceASIO-RS-0] Dropping all pooled connections to localhost:27017 due to failed operation on a connection
2017-10-29T19:11:06.597-0700 I REPL     [replication-12] Blacklisting localhost:27017 due to error: 'HostUnreachable: HostUnreachable' for 10s until: 2017-10-29T19:11:16.597-0700
2017-10-29T19:11:06.597-0700 I REPL     [replication-12] could not find member to sync from
2017-10-29T19:11:16.604-0700 I REPL     [rsBackgroundSync] sync source candidate: localhost:27019
2017-10-29T19:11:16.605-0700 I ASIO     [NetworkInterfaceASIO-RS-0] Connecting to localhost:27019
2017-10-29T19:11:17.607-0700 I ASIO     [NetworkInterfaceASIO-RS-0] Successfully connected to localhost:27019, took 1002ms (1 connections now open to localhost:27019)
2017-10-29T19:11:17.608-0700 I ASIO     [NetworkInterfaceASIO-RS-0] Connecting to localhost:27019
2017-10-29T19:11:18.611-0700 I ASIO     [NetworkInterfaceASIO-RS-0] Successfully connected to localhost:27019, took 1003ms (2 connections now open to localhost:27019)
2017-10-29T19:14:15.687-0700 I ASIO     [NetworkInterfaceASIO-RS-0] Connecting to localhost:27019
2017-10-29T19:14:16.689-0700 I ASIO     [NetworkInterfaceASIO-RS-0] Successfully connected to localhost:27019, took 1002ms (3 connections now open to localhost:27019)
2017-10-29T19:15:15.688-0700 I ASIO     [NetworkInterfaceASIO-RS-0] Ending idle connection to host localhost:27019 because the pool meets constraints; 2 connections to that host remain open
2017-10-29T19:17:16.935-0700 I ASIO     [NetworkInterfaceASIO-RS-0] Connecting to localhost:27019
2017-10-29T19:17:17.942-0700 I ASIO     [NetworkInterfaceASIO-RS-0] Successfully connected to localhost:27019, took 1008ms (3 connections now open to localhost:27019)
2017-10-29T19:18:16.937-0700 I ASIO     [NetworkInterfaceASIO-RS-0] Ending idle connection to host localhost:27019 because the pool meets constraints; 2 connections to that host remain open
2017-10-29T19:21:55.666-0700 I ASIO     [NetworkInterfaceASIO-RS-0] Connecting to localhost:27019
2017-10-29T19:21:56.673-0700 I ASIO     [NetworkInterfaceASIO-RS-0] Successfully connected to localhost:27019, took 1007ms (3 connections now open to localhost:27019)
2017-10-29T19:23:15.720-0700 I -        [conn2] end connection 127.0.0.1:54285 (2 connections now open)
2017-10-29T19:23:15.727-0700 I CONTROL  [thread2] CTRL_CLOSE_EVENT signal
2017-10-29T19:23:15.727-0700 I CONTROL  [consoleTerminate] got CTRL_CLOSE_EVENT, will terminate after current cmd ends
2017-10-29T19:23:15.727-0700 I NETWORK  [consoleTerminate] shutdown: going to close listening sockets...
2017-10-29T19:23:15.727-0700 I NETWORK  [consoleTerminate] closing listening socket: 524
2017-10-29T19:23:15.727-0700 I NETWORK  [consoleTerminate] shutdown: going to flush diaglog...
2017-10-29T19:23:15.727-0700 I REPL     [consoleTerminate] shutting down replication subsystems
2017-10-29T19:23:15.776-0700 I REPL     [consoleTerminate] Stopping replication reporter thread
2017-10-29T19:23:15.777-0700 I REPL     [SyncSourceFeedback] SyncSourceFeedback error sending update to localhost:27019: CallbackCanceled: Reporter no longer valid
2017-10-29T19:23:15.777-0700 I REPL     [consoleTerminate] Stopping replication fetcher thread
2017-10-29T19:23:15.777-0700 I REPL     [consoleTerminate] Stopping replication applier thread
2017-10-29T19:23:15.777-0700 I ASIO     [NetworkInterfaceASIO-RS-0] Ending connection to host localhost:27019 due to bad connection status; 2 connections to that host remain open
2017-10-29T19:23:15.777-0700 I REPL     [rsBackgroundSync] Replication producer stopped after oplog fetcher finished returning a batch from our sync source.  Abandoning this batch of oplog entries and re-evaluating our sync source.
2017-10-29T19:23:15.778-0700 I REPL     [consoleTerminate] Stopping replication storage threads
2017-10-29T19:23:15.779-0700 I FTDC     [consoleTerminate] Shutting down full-time diagnostic data capture
2017-10-29T19:23:15.873-0700 I STORAGE  [consoleTerminate] WiredTigerKVEngine shutting down
2017-10-29T19:23:16.705-0700 I STORAGE  [consoleTerminate] shutdown: removing fs lock...
2017-10-29T19:23:16.706-0700 I CONTROL  [consoleTerminate] now exiting
2017-10-29T19:23:16.706-0700 I CONTROL  [consoleTerminate] shutting down with code:12
