2017-10-29T16:52:20.782-0700 I CONTROL  [initandlisten] MongoDB starting : pid=10388 port=27019 dbpath=replicaset3 64-bit host=DESKTOP-LAFMESF
2017-10-29T16:52:20.782-0700 I CONTROL  [initandlisten] targetMinOS: Windows 7/Windows Server 2008 R2
2017-10-29T16:52:20.782-0700 I CONTROL  [initandlisten] db version v3.4.9
2017-10-29T16:52:20.782-0700 I CONTROL  [initandlisten] git version: 876ebee8c7dd0e2d992f36a848ff4dc50ee6603e
2017-10-29T16:52:20.782-0700 I CONTROL  [initandlisten] OpenSSL version: OpenSSL 1.0.1u-fips  22 Sep 2016
2017-10-29T16:52:20.782-0700 I CONTROL  [initandlisten] allocator: tcmalloc
2017-10-29T16:52:20.782-0700 I CONTROL  [initandlisten] modules: none
2017-10-29T16:52:20.783-0700 I CONTROL  [initandlisten] build environment:
2017-10-29T16:52:20.840-0700 I CONTROL  [initandlisten]     distmod: 2008plus-ssl
2017-10-29T16:52:20.840-0700 I CONTROL  [initandlisten]     distarch: x86_64
2017-10-29T16:52:20.840-0700 I CONTROL  [initandlisten]     target_arch: x86_64
2017-10-29T16:52:20.840-0700 I CONTROL  [initandlisten] options: { net: { port: 27019 }, replication: { replSet: "shopping" }, storage: { dbPath: "replicaset3" }, systemLog: { destination: "file", path: "rs3.log" } }
2017-10-29T16:52:20.846-0700 I STORAGE  [initandlisten] wiredtiger_open config: create,cache_size=3536M,session_max=20000,eviction=(threads_min=4,threads_max=4),config_base=false,statistics=(fast),log=(enabled=true,archive=true,path=journal,compressor=snappy),file_manager=(close_idle_time=100000),checkpoint=(wait=60,log_size=2GB),statistics_log=(wait=0),
2017-10-29T16:52:21.456-0700 I CONTROL  [initandlisten] 
2017-10-29T16:52:21.456-0700 I CONTROL  [initandlisten] ** WARNING: Access control is not enabled for the database.
2017-10-29T16:52:21.456-0700 I CONTROL  [initandlisten] **          Read and write access to data and configuration is unrestricted.
2017-10-29T16:52:21.456-0700 I CONTROL  [initandlisten] 
2017-10-29T16:52:22.104-0700 I FTDC     [initandlisten] Initializing full-time diagnostic data capture with directory 'replicaset3/diagnostic.data'
2017-10-29T16:52:22.508-0700 I REPL     [initandlisten] Did not find local voted for document at startup.
2017-10-29T16:52:22.508-0700 I REPL     [initandlisten] Did not find local replica set configuration document at startup;  NoMatchingDocument: Did not find replica set configuration document in local.system.replset
2017-10-29T16:52:22.509-0700 I NETWORK  [thread1] waiting for connections on port 27019
2017-10-29T16:52:50.624-0700 I NETWORK  [thread1] connection accepted from 127.0.0.1:54282 #1 (1 connection now open)
2017-10-29T16:52:50.625-0700 I -        [conn1] end connection 127.0.0.1:54282 (1 connection now open)
2017-10-29T16:52:51.759-0700 I NETWORK  [thread1] connection accepted from 127.0.0.1:54286 #2 (1 connection now open)
2017-10-29T16:52:51.760-0700 I NETWORK  [conn2] received client metadata from 127.0.0.1:54286 conn2: { driver: { name: "NetworkInterfaceASIO-Replication", version: "3.4.9" }, os: { type: "Windows", name: "Microsoft Windows 8", architecture: "x86_64", version: "6.2 (build 9200)" } }
2017-10-29T16:52:51.768-0700 I ASIO     [NetworkInterfaceASIO-Replication-0] Connecting to localhost:27017
2017-10-29T16:52:52.787-0700 I ASIO     [NetworkInterfaceASIO-Replication-0] Successfully connected to localhost:27017, took 1019ms (1 connections now open to localhost:27017)
2017-10-29T16:52:52.798-0700 I NETWORK  [thread1] connection accepted from 127.0.0.1:54294 #3 (2 connections now open)
2017-10-29T16:52:52.801-0700 I -        [conn3] end connection 127.0.0.1:54294 (2 connections now open)
2017-10-29T16:52:53.046-0700 I REPL     [replExecDBWorker-2] Starting replication storage threads
2017-10-29T16:52:53.429-0700 I REPL     [replication-0] Starting initial sync (attempt 1 of 10)
2017-10-29T16:52:53.429-0700 I REPL     [ReplicationExecutor] New replica set config in use: { _id: "shopping", version: 1, protocolVersion: 1, members: [ { _id: 0, host: "localhost:27017", arbiterOnly: false, buildIndexes: true, hidden: false, priority: 1.0, tags: {}, slaveDelay: 0, votes: 1 }, { _id: 1, host: "localhost:27018", arbiterOnly: false, buildIndexes: true, hidden: false, priority: 1.0, tags: {}, slaveDelay: 0, votes: 1 }, { _id: 3, host: "localhost:27019", arbiterOnly: false, buildIndexes: true, hidden: false, priority: 1.0, tags: {}, slaveDelay: 0, votes: 1 } ], settings: { chainingAllowed: true, heartbeatIntervalMillis: 2000, heartbeatTimeoutSecs: 10, electionTimeoutMillis: 10000, catchUpTimeoutMillis: 60000, getLastErrorModes: {}, getLastErrorDefaults: { w: 1, wtimeout: 0 }, replicaSetId: ObjectId('59f669d2241a64c6c854af91') } }
2017-10-29T16:52:53.429-0700 I REPL     [ReplicationExecutor] This node is localhost:27019 in the config
2017-10-29T16:52:53.430-0700 I REPL     [ReplicationExecutor] transition to STARTUP2
2017-10-29T16:52:53.430-0700 I ASIO     [NetworkInterfaceASIO-Replication-0] Connecting to localhost:27018
2017-10-29T16:52:53.432-0700 I REPL     [ReplicationExecutor] Member localhost:27017 is now in state SECONDARY
2017-10-29T16:52:54.436-0700 I NETWORK  [thread1] connection accepted from 127.0.0.1:54298 #4 (2 connections now open)
2017-10-29T16:52:54.437-0700 I NETWORK  [conn4] received client metadata from 127.0.0.1:54298 conn4: { driver: { name: "NetworkInterfaceASIO-Replication", version: "3.4.9" }, os: { type: "Windows", name: "Microsoft Windows 8", architecture: "x86_64", version: "6.2 (build 9200)" } }
2017-10-29T16:52:54.437-0700 I ASIO     [NetworkInterfaceASIO-Replication-0] Successfully connected to localhost:27018, took 1007ms (1 connections now open to localhost:27018)
2017-10-29T16:52:54.438-0700 I REPL     [ReplicationExecutor] Member localhost:27018 is now in state STARTUP2
2017-10-29T16:52:58.632-0700 I REPL     [replication-1] sync source candidate: localhost:27017
2017-10-29T16:52:58.633-0700 I STORAGE  [replication-1] dropAllDatabasesExceptLocal 1
2017-10-29T16:52:58.634-0700 I REPL     [replication-1] ******
2017-10-29T16:52:58.634-0700 I REPL     [replication-1] creating replication oplog of size: 19988MB...
2017-10-29T16:52:58.704-0700 I STORAGE  [replication-1] Starting WiredTigerRecordStoreThread local.oplog.rs
2017-10-29T16:52:58.704-0700 I STORAGE  [replication-1] The size storer reports that the oplog contains 0 records totaling to 0 bytes
2017-10-29T16:52:58.704-0700 I STORAGE  [replication-1] Scanning the oplog to determine where to place markers for truncation
2017-10-29T16:52:59.267-0700 I REPL     [replication-1] ******
2017-10-29T16:52:59.286-0700 I ASIO     [NetworkInterfaceASIO-RS-0] Connecting to localhost:27017
2017-10-29T16:53:00.294-0700 I ASIO     [NetworkInterfaceASIO-RS-0] Successfully connected to localhost:27017, took 1009ms (1 connections now open to localhost:27017)
2017-10-29T16:53:00.306-0700 I ASIO     [NetworkInterfaceASIO-RS-0] Connecting to localhost:27017
2017-10-29T16:53:01.315-0700 I ASIO     [NetworkInterfaceASIO-RS-0] Successfully connected to localhost:27017, took 1009ms (2 connections now open to localhost:27017)
2017-10-29T16:53:01.319-0700 I REPL     [replication-0] CollectionCloner::start called, on ns:admin.system.version
2017-10-29T16:53:01.529-0700 I INDEX    [InitialSyncInserters-admin.system.version0] build index on: admin.system.version properties: { v: 2, key: { version: 1 }, name: "incompatible_with_version_32", ns: "admin.system.version" }
2017-10-29T16:53:01.529-0700 I INDEX    [InitialSyncInserters-admin.system.version0] 	 building index using bulk method; build may temporarily use up to 500 megabytes of RAM
2017-10-29T16:53:01.632-0700 I INDEX    [InitialSyncInserters-admin.system.version0] build index on: admin.system.version properties: { v: 1, key: { _id: 1 }, name: "_id_", ns: "admin.system.version" }
2017-10-29T16:53:01.632-0700 I INDEX    [InitialSyncInserters-admin.system.version0] 	 building index using bulk method; build may temporarily use up to 500 megabytes of RAM
2017-10-29T16:53:01.634-0700 I COMMAND  [InitialSyncInserters-admin.system.version0] setting featureCompatibilityVersion to 3.4
2017-10-29T16:53:01.786-0700 I REPL     [replication-0] No need to apply operations. (currently at { : Timestamp 1509321172000|1 })
2017-10-29T16:53:01.787-0700 I ASIO     [NetworkInterfaceASIO-RS-0] Ending connection to host localhost:27017 due to bad connection status; 1 connections to that host remain open
2017-10-29T16:53:01.787-0700 I REPL     [replication-0] Finished fetching oplog during initial sync: CallbackCanceled: Callback canceled. Last fetched optime and hash: { ts: Timestamp 1509321172000|1, t: -1 }[4031068381758321971]
2017-10-29T16:53:01.788-0700 I REPL     [replication-0] Initial sync attempt finishing up.
2017-10-29T16:53:01.788-0700 I REPL     [replication-0] Initial Sync Attempt Statistics: { failedInitialSyncAttempts: 0, maxFailedInitialSyncAttempts: 10, initialSyncStart: new Date(1509321173429), initialSyncAttempts: [], fetchedMissingDocs: 0, appliedOps: 0, initialSyncOplogStart: Timestamp 1509321172000|1, initialSyncOplogEnd: Timestamp 1509321172000|1, databases: { databasesCloned: 1, admin: { collections: 1, clonedCollections: 1, start: new Date(1509321180375), end: new Date(1509321181785), elapsedMillis: 1410, admin.system.version: { documentsToCopy: 1, documentsCopied: 1, indexes: 2, fetchedBatches: 1, start: new Date(1509321181319), end: new Date(1509321181785), elapsedMillis: 466 } } } }
2017-10-29T16:53:01.861-0700 I REPL     [replication-0] initial sync done; took 8s.
2017-10-29T16:53:01.861-0700 I REPL     [replication-0] Starting replication fetcher thread
2017-10-29T16:53:01.862-0700 I REPL     [replication-0] Starting replication applier thread
2017-10-29T16:53:01.863-0700 I REPL     [rsBackgroundSync] could not find member to sync from
2017-10-29T16:53:01.863-0700 I REPL     [replication-0] Starting replication reporter thread
2017-10-29T16:53:01.864-0700 I REPL     [ReplicationExecutor] Member localhost:27018 is now in state SECONDARY
2017-10-29T16:53:01.865-0700 I REPL     [rsSync] transition to RECOVERING
2017-10-29T16:53:01.873-0700 I REPL     [rsSync] transition to SECONDARY
2017-10-29T16:53:03.256-0700 I COMMAND  [conn2] command local.replset.election command: replSetRequestVotes { replSetRequestVotes: 1, setName: "shopping", dryRun: false, term: 1, candidateIndex: 0, configVersion: 1, lastCommittedOp: { ts: Timestamp 1509321172000|1, t: -1 } } numYields:0 reslen:63 locks:{ Global: { acquireCount: { r: 4, w: 2 } }, Database: { acquireCount: { r: 1, W: 2 } }, Collection: { acquireCount: { r: 1 } } } protocol:op_command 213ms
2017-10-29T16:53:03.256-0700 I -        [conn2] end connection 127.0.0.1:54286 (2 connections now open)
2017-10-29T16:53:04.227-0700 I NETWORK  [thread1] connection accepted from 127.0.0.1:54308 #5 (2 connections now open)
2017-10-29T16:53:04.229-0700 I NETWORK  [conn5] received client metadata from 127.0.0.1:54308 conn5: { driver: { name: "NetworkInterfaceASIO-Replication", version: "3.4.9" }, os: { type: "Windows", name: "Microsoft Windows 8", architecture: "x86_64", version: "6.2 (build 9200)" } }
2017-10-29T16:53:06.866-0700 I REPL     [ReplicationExecutor] Member localhost:27017 is now in state PRIMARY
2017-10-29T16:53:06.868-0700 I REPL     [rsBackgroundSync] sync source candidate: localhost:27017
2017-10-29T16:53:06.877-0700 I ASIO     [NetworkInterfaceASIO-RS-0] Connecting to localhost:27017
2017-10-29T16:53:07.883-0700 I ASIO     [NetworkInterfaceASIO-RS-0] Successfully connected to localhost:27017, took 1006ms (2 connections now open to localhost:27017)
2017-10-29T16:54:30.054-0700 I ASIO     [NetworkInterfaceASIO-RS-0] Connecting to localhost:27017
2017-10-29T16:54:31.063-0700 I ASIO     [NetworkInterfaceASIO-RS-0] Successfully connected to localhost:27017, took 1010ms (3 connections now open to localhost:27017)
2017-10-29T16:55:30.055-0700 I ASIO     [NetworkInterfaceASIO-RS-0] Ending idle connection to host localhost:27017 because the pool meets constraints; 2 connections to that host remain open
2017-10-29T17:02:20.000-0700 I ASIO     [NetworkInterfaceASIO-RS-0] Connecting to localhost:27017
2017-10-29T17:02:21.013-0700 I ASIO     [NetworkInterfaceASIO-RS-0] Successfully connected to localhost:27017, took 1012ms (3 connections now open to localhost:27017)
2017-10-29T17:03:20.019-0700 I ASIO     [NetworkInterfaceASIO-RS-0] Ending idle connection to host localhost:27017 because the pool meets constraints; 2 connections to that host remain open
2017-10-29T17:14:50.431-0700 I ASIO     [NetworkInterfaceASIO-RS-0] Connecting to localhost:27017
2017-10-29T17:14:51.434-0700 I ASIO     [NetworkInterfaceASIO-RS-0] Successfully connected to localhost:27017, took 1003ms (3 connections now open to localhost:27017)
2017-10-29T17:15:50.431-0700 I ASIO     [NetworkInterfaceASIO-RS-0] Ending idle connection to host localhost:27017 because the pool meets constraints; 2 connections to that host remain open
2017-10-29T17:16:36.513-0700 I ASIO     [NetworkInterfaceASIO-RS-0] Connecting to localhost:27017
2017-10-29T17:16:37.519-0700 I ASIO     [NetworkInterfaceASIO-RS-0] Successfully connected to localhost:27017, took 1006ms (3 connections now open to localhost:27017)
2017-10-29T17:17:36.514-0700 I ASIO     [NetworkInterfaceASIO-RS-0] Ending idle connection to host localhost:27017 because the pool meets constraints; 2 connections to that host remain open
2017-10-29T17:20:43.103-0700 I NETWORK  [thread1] connection accepted from 127.0.0.1:54561 #6 (3 connections now open)
2017-10-29T17:20:43.113-0700 I NETWORK  [conn6] received client metadata from 127.0.0.1:54561 conn6: { driver: { name: "nodejs", version: "2.2.33" }, os: { type: "Windows_NT", name: "win32", architecture: "x64", version: "10.0.15063" }, platform: "Node.js v6.11.3, LE, mongodb-core: 2.1.17" }
2017-10-29T17:20:43.144-0700 I -        [conn6] end connection 127.0.0.1:54561 (3 connections now open)
2017-10-29T17:24:13.997-0700 I NETWORK  [thread1] connection accepted from 127.0.0.1:54623 #7 (3 connections now open)
2017-10-29T17:24:14.007-0700 I NETWORK  [conn7] received client metadata from 127.0.0.1:54623 conn7: { driver: { name: "nodejs", version: "2.2.33" }, os: { type: "Windows_NT", name: "win32", architecture: "x64", version: "10.0.15063" }, platform: "Node.js v6.11.3, LE, mongodb-core: 2.1.17" }
2017-10-29T17:24:14.031-0700 I -        [conn7] end connection 127.0.0.1:54623 (3 connections now open)
2017-10-29T17:24:34.920-0700 I NETWORK  [thread1] connection accepted from 127.0.0.1:54627 #8 (3 connections now open)
2017-10-29T17:24:34.921-0700 I NETWORK  [conn8] received client metadata from 127.0.0.1:54627 conn8: { driver: { name: "nodejs", version: "2.2.33" }, os: { type: "Windows_NT", name: "win32", architecture: "x64", version: "10.0.15063" }, platform: "Node.js v6.11.3, LE, mongodb-core: 2.1.17" }
2017-10-29T17:24:34.938-0700 I -        [conn8] end connection 127.0.0.1:54627 (3 connections now open)
2017-10-29T17:24:43.232-0700 I NETWORK  [thread1] connection accepted from 127.0.0.1:54630 #9 (3 connections now open)
2017-10-29T17:24:43.233-0700 I NETWORK  [conn9] received client metadata from 127.0.0.1:54630 conn9: { driver: { name: "nodejs", version: "2.2.33" }, os: { type: "Windows_NT", name: "win32", architecture: "x64", version: "10.0.15063" }, platform: "Node.js v6.11.3, LE, mongodb-core: 2.1.17" }
2017-10-29T17:24:43.243-0700 I -        [conn9] end connection 127.0.0.1:54630 (3 connections now open)
2017-10-29T17:29:05.341-0700 I ASIO     [NetworkInterfaceASIO-RS-0] Connecting to localhost:27017
2017-10-29T17:29:06.427-0700 I ASIO     [NetworkInterfaceASIO-RS-0] Successfully connected to localhost:27017, took 1086ms (3 connections now open to localhost:27017)
2017-10-29T17:30:05.412-0700 I ASIO     [NetworkInterfaceASIO-RS-0] Ending idle connection to host localhost:27017 because the pool meets constraints; 2 connections to that host remain open
2017-10-29T17:30:40.273-0700 I ASIO     [NetworkInterfaceASIO-RS-0] Connecting to localhost:27017
2017-10-29T17:30:41.279-0700 I ASIO     [NetworkInterfaceASIO-RS-0] Successfully connected to localhost:27017, took 1006ms (3 connections now open to localhost:27017)
2017-10-29T17:32:30.270-0700 I ASIO     [NetworkInterfaceASIO-RS-0] Ending idle connection to host localhost:27017 because the pool meets constraints; 2 connections to that host remain open
2017-10-29T17:37:30.404-0700 I ASIO     [NetworkInterfaceASIO-RS-0] Connecting to localhost:27017
2017-10-29T17:37:31.408-0700 I ASIO     [NetworkInterfaceASIO-RS-0] Successfully connected to localhost:27017, took 1004ms (3 connections now open to localhost:27017)
2017-10-29T17:38:30.405-0700 I ASIO     [NetworkInterfaceASIO-RS-0] Ending idle connection to host localhost:27017 because the pool meets constraints; 2 connections to that host remain open
2017-10-29T17:45:50.456-0700 I ASIO     [NetworkInterfaceASIO-RS-0] Connecting to localhost:27017
2017-10-29T17:45:51.462-0700 I ASIO     [NetworkInterfaceASIO-RS-0] Successfully connected to localhost:27017, took 1006ms (3 connections now open to localhost:27017)
2017-10-29T17:46:50.457-0700 I ASIO     [NetworkInterfaceASIO-RS-0] Ending idle connection to host localhost:27017 because the pool meets constraints; 2 connections to that host remain open
2017-10-29T17:56:30.501-0700 I ASIO     [NetworkInterfaceASIO-RS-0] Connecting to localhost:27017
2017-10-29T17:56:31.507-0700 I ASIO     [NetworkInterfaceASIO-RS-0] Successfully connected to localhost:27017, took 1006ms (3 connections now open to localhost:27017)
2017-10-29T17:57:30.502-0700 I ASIO     [NetworkInterfaceASIO-RS-0] Ending idle connection to host localhost:27017 because the pool meets constraints; 2 connections to that host remain open
2017-10-29T18:00:00.467-0700 I ASIO     [NetworkInterfaceASIO-RS-0] Connecting to localhost:27017
2017-10-29T18:00:01.471-0700 I ASIO     [NetworkInterfaceASIO-RS-0] Successfully connected to localhost:27017, took 1004ms (3 connections now open to localhost:27017)
2017-10-29T18:01:00.468-0700 I ASIO     [NetworkInterfaceASIO-RS-0] Ending idle connection to host localhost:27017 because the pool meets constraints; 2 connections to that host remain open
2017-10-29T18:12:30.738-0700 I ASIO     [NetworkInterfaceASIO-RS-0] Connecting to localhost:27017
2017-10-29T18:12:31.741-0700 I ASIO     [NetworkInterfaceASIO-RS-0] Successfully connected to localhost:27017, took 1004ms (3 connections now open to localhost:27017)
2017-10-29T18:14:10.731-0700 I ASIO     [NetworkInterfaceASIO-RS-0] Ending idle connection to host localhost:27017 because the pool meets constraints; 2 connections to that host remain open
2017-10-29T18:15:30.943-0700 I ASIO     [NetworkInterfaceASIO-RS-0] Connecting to localhost:27017
2017-10-29T18:15:31.947-0700 I ASIO     [NetworkInterfaceASIO-RS-0] Successfully connected to localhost:27017, took 1004ms (3 connections now open to localhost:27017)
2017-10-29T18:18:10.625-0700 I ASIO     [NetworkInterfaceASIO-RS-0] Ending idle connection to host localhost:27017 because the pool meets constraints; 2 connections to that host remain open
2017-10-29T18:21:01.606-0700 I ASIO     [NetworkInterfaceASIO-RS-0] Connecting to localhost:27017
2017-10-29T18:21:02.612-0700 I ASIO     [NetworkInterfaceASIO-RS-0] Successfully connected to localhost:27017, took 1006ms (3 connections now open to localhost:27017)
2017-10-29T18:22:01.608-0700 I ASIO     [NetworkInterfaceASIO-RS-0] Ending idle connection to host localhost:27017 because the pool meets constraints; 2 connections to that host remain open
2017-10-29T18:23:10.549-0700 I ASIO     [NetworkInterfaceASIO-RS-0] Connecting to localhost:27017
2017-10-29T18:23:11.556-0700 I ASIO     [NetworkInterfaceASIO-RS-0] Successfully connected to localhost:27017, took 1007ms (3 connections now open to localhost:27017)
2017-10-29T18:24:10.551-0700 I ASIO     [NetworkInterfaceASIO-RS-0] Ending idle connection to host localhost:27017 because the pool meets constraints; 2 connections to that host remain open
2017-10-29T18:29:40.595-0700 I ASIO     [NetworkInterfaceASIO-RS-0] Connecting to localhost:27017
2017-10-29T18:29:41.600-0700 I ASIO     [NetworkInterfaceASIO-RS-0] Successfully connected to localhost:27017, took 1006ms (3 connections now open to localhost:27017)
2017-10-29T18:30:40.595-0700 I ASIO     [NetworkInterfaceASIO-RS-0] Ending idle connection to host localhost:27017 because the pool meets constraints; 2 connections to that host remain open
2017-10-29T18:31:20.700-0700 I ASIO     [NetworkInterfaceASIO-RS-0] Connecting to localhost:27017
2017-10-29T18:31:21.704-0700 I ASIO     [NetworkInterfaceASIO-RS-0] Successfully connected to localhost:27017, took 1005ms (3 connections now open to localhost:27017)
2017-10-29T18:32:20.701-0700 I ASIO     [NetworkInterfaceASIO-RS-0] Ending idle connection to host localhost:27017 because the pool meets constraints; 2 connections to that host remain open
2017-10-29T18:42:20.796-0700 I ASIO     [NetworkInterfaceASIO-RS-0] Connecting to localhost:27017
2017-10-29T18:42:21.803-0700 I ASIO     [NetworkInterfaceASIO-RS-0] Successfully connected to localhost:27017, took 1008ms (3 connections now open to localhost:27017)
2017-10-29T18:43:20.798-0700 I ASIO     [NetworkInterfaceASIO-RS-0] Ending idle connection to host localhost:27017 because the pool meets constraints; 2 connections to that host remain open
2017-10-29T18:45:00.722-0700 I ASIO     [NetworkInterfaceASIO-RS-0] Connecting to localhost:27017
2017-10-29T18:45:01.730-0700 I ASIO     [NetworkInterfaceASIO-RS-0] Successfully connected to localhost:27017, took 1008ms (3 connections now open to localhost:27017)
2017-10-29T18:46:00.724-0700 I ASIO     [NetworkInterfaceASIO-RS-0] Ending idle connection to host localhost:27017 because the pool meets constraints; 2 connections to that host remain open
2017-10-29T18:51:50.787-0700 I ASIO     [NetworkInterfaceASIO-RS-0] Connecting to localhost:27017
2017-10-29T18:51:51.791-0700 I ASIO     [NetworkInterfaceASIO-RS-0] Successfully connected to localhost:27017, took 1004ms (3 connections now open to localhost:27017)
2017-10-29T18:52:50.788-0700 I ASIO     [NetworkInterfaceASIO-RS-0] Ending idle connection to host localhost:27017 because the pool meets constraints; 2 connections to that host remain open
2017-10-29T19:10:56.920-0700 I REPL     [ReplicationExecutor] Starting an election, since we've seen no PRIMARY in the past 10000ms
2017-10-29T19:10:56.921-0700 I REPL     [ReplicationExecutor] conducting a dry run election to see if we could be elected
2017-10-29T19:10:56.929-0700 I REPL     [ReplicationExecutor] VoteRequester(term 1 dry run) received a yes vote from localhost:27018; response message: { term: 1, voteGranted: true, reason: "", ok: 1.0 }
2017-10-29T19:10:56.930-0700 I REPL     [ReplicationExecutor] dry election run succeeded, running for election
2017-10-29T19:10:56.930-0700 I ASIO     [NetworkInterfaceASIO-Replication-0] Ending connection to host localhost:27017 due to bad connection status; 0 connections to that host remain open
2017-10-29T19:10:57.653-0700 I -        [conn4] end connection 127.0.0.1:54298 (2 connections now open)
2017-10-29T19:10:58.942-0700 I ASIO     [NetworkInterfaceASIO-Replication-0] Connecting to localhost:27017
2017-10-29T19:10:58.945-0700 I ASIO     [NetworkInterfaceASIO-Replication-0] Failed to connect to localhost:27017 - HostUnreachable: HostUnreachable
2017-10-29T19:10:58.945-0700 I ASIO     [NetworkInterfaceASIO-Replication-0] Dropping all pooled connections to localhost:27017 due to failed operation on a connection
2017-10-29T19:10:58.946-0700 I REPL     [ReplicationExecutor] Error in heartbeat request to localhost:27017; HostUnreachable: HostUnreachable
2017-10-29T19:10:58.946-0700 I ASIO     [NetworkInterfaceASIO-Replication-0] Connecting to localhost:27017
2017-10-29T19:10:58.947-0700 I ASIO     [NetworkInterfaceASIO-Replication-0] Failed to connect to localhost:27017 - HostUnreachable: HostUnreachable
2017-10-29T19:10:58.947-0700 I ASIO     [NetworkInterfaceASIO-Replication-0] Dropping all pooled connections to localhost:27017 due to failed operation on a connection
2017-10-29T19:10:58.948-0700 I REPL     [ReplicationExecutor] Error in heartbeat request to localhost:27017; HostUnreachable: HostUnreachable
2017-10-29T19:10:58.949-0700 I ASIO     [NetworkInterfaceASIO-Replication-0] Connecting to localhost:27017
2017-10-29T19:10:58.950-0700 I ASIO     [NetworkInterfaceASIO-Replication-0] Failed to connect to localhost:27017 - HostUnreachable: HostUnreachable
2017-10-29T19:10:58.950-0700 I ASIO     [NetworkInterfaceASIO-Replication-0] Dropping all pooled connections to localhost:27017 due to failed operation on a connection
2017-10-29T19:10:58.951-0700 I REPL     [ReplicationExecutor] Error in heartbeat request to localhost:27017; HostUnreachable: HostUnreachable
2017-10-29T19:10:59.973-0700 I ASIO     [NetworkInterfaceASIO-Replication-0] Connecting to localhost:27017
2017-10-29T19:10:59.976-0700 I ASIO     [NetworkInterfaceASIO-Replication-0] Failed to connect to localhost:27017 - HostUnreachable: HostUnreachable
2017-10-29T19:10:59.976-0700 I ASIO     [NetworkInterfaceASIO-Replication-0] Dropping all pooled connections to localhost:27017 due to failed operation on a connection
2017-10-29T19:10:59.977-0700 I REPL     [ReplicationExecutor] VoteRequester(term 2) failed to receive response from localhost:27017: HostUnreachable: HostUnreachable
2017-10-29T19:11:00.301-0700 I REPL     [ReplicationExecutor] VoteRequester(term 2) received a yes vote from localhost:27018; response message: { term: 2, voteGranted: true, reason: "", ok: 1.0 }
2017-10-29T19:11:00.301-0700 I REPL     [ReplicationExecutor] election succeeded, assuming primary role in term 2
2017-10-29T19:11:00.301-0700 I REPL     [ReplicationExecutor] transition to PRIMARY
2017-10-29T19:11:00.301-0700 I REPL     [ReplicationExecutor] Entering primary catch-up mode.
2017-10-29T19:11:00.370-0700 I ASIO     [NetworkInterfaceASIO-Replication-0] Connecting to localhost:27017
2017-10-29T19:11:00.370-0700 I ASIO     [NetworkInterfaceASIO-Replication-0] Failed to connect to localhost:27017 - HostUnreachable: HostUnreachable
2017-10-29T19:11:00.370-0700 I ASIO     [NetworkInterfaceASIO-Replication-0] Dropping all pooled connections to localhost:27017 due to failed operation on a connection
2017-10-29T19:11:00.370-0700 I REPL     [ReplicationExecutor] Error in heartbeat request to localhost:27017; HostUnreachable: HostUnreachable
2017-10-29T19:11:00.370-0700 I ASIO     [NetworkInterfaceASIO-Replication-0] Connecting to localhost:27017
2017-10-29T19:11:00.370-0700 I ASIO     [NetworkInterfaceASIO-Replication-0] Failed to connect to localhost:27017 - HostUnreachable: HostUnreachable
2017-10-29T19:11:00.371-0700 I ASIO     [NetworkInterfaceASIO-Replication-0] Dropping all pooled connections to localhost:27017 due to failed operation on a connection
2017-10-29T19:11:00.371-0700 I REPL     [ReplicationExecutor] Error in heartbeat request to localhost:27017; HostUnreachable: HostUnreachable
2017-10-29T19:11:00.371-0700 I ASIO     [NetworkInterfaceASIO-Replication-0] Connecting to localhost:27017
2017-10-29T19:11:00.371-0700 I ASIO     [NetworkInterfaceASIO-Replication-0] Failed to connect to localhost:27017 - HostUnreachable: HostUnreachable
2017-10-29T19:11:00.371-0700 I ASIO     [NetworkInterfaceASIO-Replication-0] Dropping all pooled connections to localhost:27017 due to failed operation on a connection
2017-10-29T19:11:00.371-0700 I REPL     [ReplicationExecutor] Error in heartbeat request to localhost:27017; HostUnreachable: HostUnreachable
2017-10-29T19:11:00.371-0700 I REPL     [ReplicationExecutor] Caught up to the latest optime known via heartbeats after becoming primary.
2017-10-29T19:11:00.371-0700 I REPL     [ReplicationExecutor] Exited primary catch-up mode.
2017-10-29T19:11:00.371-0700 I ASIO     [NetworkInterfaceASIO-RS-0] Ending connection to host localhost:27017 due to bad connection status; 1 connections to that host remain open
2017-10-29T19:11:00.371-0700 I REPL     [rsBackgroundSync] Replication producer stopped after oplog fetcher finished returning a batch from our sync source.  Abandoning this batch of oplog entries and re-evaluating our sync source.
2017-10-29T19:11:00.495-0700 I REPL     [rsSync] transition to primary complete; database writes are now permitted
2017-10-29T19:11:00.562-0700 I REPL     [SyncSourceFeedback] SyncSourceFeedback error sending update to localhost:27017: InvalidSyncSource: Sync source was cleared. Was localhost:27017
2017-10-29T19:11:02.372-0700 I ASIO     [NetworkInterfaceASIO-Replication-0] Connecting to localhost:27017
2017-10-29T19:11:02.372-0700 I ASIO     [NetworkInterfaceASIO-Replication-0] Failed to connect to localhost:27017 - HostUnreachable: HostUnreachable
2017-10-29T19:11:02.373-0700 I ASIO     [NetworkInterfaceASIO-Replication-0] Dropping all pooled connections to localhost:27017 due to failed operation on a connection
2017-10-29T19:11:02.373-0700 I REPL     [ReplicationExecutor] Error in heartbeat request to localhost:27017; HostUnreachable: HostUnreachable
2017-10-29T19:11:02.373-0700 I ASIO     [NetworkInterfaceASIO-Replication-0] Connecting to localhost:27017
2017-10-29T19:11:02.378-0700 I ASIO     [NetworkInterfaceASIO-Replication-0] Failed to connect to localhost:27017 - HostUnreachable: HostUnreachable
2017-10-29T19:11:02.378-0700 I ASIO     [NetworkInterfaceASIO-Replication-0] Dropping all pooled connections to localhost:27017 due to failed operation on a connection
2017-10-29T19:11:02.378-0700 I REPL     [ReplicationExecutor] Error in heartbeat request to localhost:27017; HostUnreachable: HostUnreachable
2017-10-29T19:11:02.378-0700 I ASIO     [NetworkInterfaceASIO-Replication-0] Connecting to localhost:27017
2017-10-29T19:11:02.378-0700 I ASIO     [NetworkInterfaceASIO-Replication-0] Failed to connect to localhost:27017 - HostUnreachable: HostUnreachable
2017-10-29T19:11:02.379-0700 I ASIO     [NetworkInterfaceASIO-Replication-0] Dropping all pooled connections to localhost:27017 due to failed operation on a connection
2017-10-29T19:11:02.379-0700 I REPL     [ReplicationExecutor] Error in heartbeat request to localhost:27017; HostUnreachable: HostUnreachable
2017-10-29T19:11:04.230-0700 I NETWORK  [thread1] connection accepted from 127.0.0.1:54950 #10 (2 connections now open)
2017-10-29T19:11:04.233-0700 I NETWORK  [conn10] received client metadata from 127.0.0.1:54950 conn10: { driver: { name: "NetworkInterfaceASIO-RS", version: "3.4.9" }, os: { type: "Windows", name: "Microsoft Windows 8", architecture: "x86_64", version: "6.2 (build 9200)" } }
2017-10-29T19:11:04.309-0700 I NETWORK  [thread1] connection accepted from 127.0.0.1:54951 #11 (3 connections now open)
2017-10-29T19:11:04.309-0700 I NETWORK  [conn11] received client metadata from 127.0.0.1:54951 conn11: { driver: { name: "NetworkInterfaceASIO-RS", version: "3.4.9" }, os: { type: "Windows", name: "Microsoft Windows 8", architecture: "x86_64", version: "6.2 (build 9200)" } }
2017-10-29T19:11:04.379-0700 I ASIO     [NetworkInterfaceASIO-Replication-0] Connecting to localhost:27017
2017-10-29T19:11:04.380-0700 I ASIO     [NetworkInterfaceASIO-Replication-0] Successfully connected to localhost:27017, took 1ms (1 connections now open to localhost:27017)
2017-10-29T19:11:04.380-0700 I REPL     [ReplicationExecutor] Member localhost:27017 is now in state SECONDARY
2017-10-29T19:11:05.562-0700 I NETWORK  [thread1] connection accepted from 127.0.0.1:54956 #12 (4 connections now open)
2017-10-29T19:11:05.562-0700 I NETWORK  [conn12] received client metadata from 127.0.0.1:54956 conn12: { driver: { name: "NetworkInterfaceASIO-Replication", version: "3.4.9" }, os: { type: "Windows", name: "Microsoft Windows 8", architecture: "x86_64", version: "6.2 (build 9200)" } }
2017-10-29T19:11:17.606-0700 I NETWORK  [thread1] connection accepted from 127.0.0.1:54997 #13 (5 connections now open)
2017-10-29T19:11:17.607-0700 I NETWORK  [conn13] received client metadata from 127.0.0.1:54997 conn13: { driver: { name: "NetworkInterfaceASIO-RS", version: "3.4.9" }, os: { type: "Windows", name: "Microsoft Windows 8", architecture: "x86_64", version: "6.2 (build 9200)" } }
2017-10-29T19:11:18.610-0700 I NETWORK  [thread1] connection accepted from 127.0.0.1:54999 #14 (6 connections now open)
2017-10-29T19:11:18.611-0700 I NETWORK  [conn14] received client metadata from 127.0.0.1:54999 conn14: { driver: { name: "NetworkInterfaceASIO-RS", version: "3.4.9" }, os: { type: "Windows", name: "Microsoft Windows 8", architecture: "x86_64", version: "6.2 (build 9200)" } }
2017-10-29T19:11:20.502-0700 I COMMAND  [conn11] command local.oplog.rs command: getMore { getMore: 34680307348, collection: "oplog.rs", maxTimeMS: 5000, term: 2, lastKnownCommittedOpTime: { ts: Timestamp 1509329470000|1, t: 2 } } originatingCommand: { find: "oplog.rs", filter: { ts: { $gte: Timestamp 1509329225000|1 } }, tailable: true, oplogReplay: true, awaitData: true, maxTimeMS: 60000, term: 2 } planSummary: COLLSCAN cursorid:34680307348 keysExamined:0 docsExamined:0 numYields:0 nreturned:0 reslen:451 locks:{ Global: { acquireCount: { r: 4 } }, Database: { acquireCount: { r: 2 } }, oplog: { acquireCount: { r: 2 } } } protocol:op_command 9930ms
2017-10-29T19:11:30.503-0700 I COMMAND  [conn13] command local.oplog.rs command: getMore { getMore: 37931791471, collection: "oplog.rs", maxTimeMS: 5000, term: 2, lastKnownCommittedOpTime: { ts: Timestamp 1509329480000|1, t: 2 } } originatingCommand: { find: "oplog.rs", filter: { ts: { $gte: Timestamp 1509329225000|1 } }, tailable: true, oplogReplay: true, awaitData: true, maxTimeMS: 60000, term: 2 } planSummary: COLLSCAN cursorid:37931791471 keysExamined:0 docsExamined:0 numYields:0 nreturned:0 reslen:451 locks:{ Global: { acquireCount: { r: 4 } }, Database: { acquireCount: { r: 2 } }, oplog: { acquireCount: { r: 2 } } } protocol:op_command 9962ms
2017-10-29T19:11:50.504-0700 I COMMAND  [conn14] command local.oplog.rs command: getMore { getMore: 37931791471, collection: "oplog.rs", maxTimeMS: 5000, term: 2, lastKnownCommittedOpTime: { ts: Timestamp 1509329500000|1, t: 2 } } originatingCommand: { find: "oplog.rs", filter: { ts: { $gte: Timestamp 1509329225000|1 } }, tailable: true, oplogReplay: true, awaitData: true, maxTimeMS: 60000, term: 2 } planSummary: COLLSCAN cursorid:37931791471 keysExamined:0 docsExamined:0 numYields:0 nreturned:0 reslen:451 locks:{ Global: { acquireCount: { r: 4 } }, Database: { acquireCount: { r: 2 } }, oplog: { acquireCount: { r: 2 } } } protocol:op_command 9963ms
2017-10-29T19:12:00.504-0700 I COMMAND  [conn11] command local.oplog.rs command: getMore { getMore: 34680307348, collection: "oplog.rs", maxTimeMS: 5000, term: 2, lastKnownCommittedOpTime: { ts: Timestamp 1509329510000|1, t: 2 } } originatingCommand: { find: "oplog.rs", filter: { ts: { $gte: Timestamp 1509329225000|1 } }, tailable: true, oplogReplay: true, awaitData: true, maxTimeMS: 60000, term: 2 } planSummary: COLLSCAN cursorid:34680307348 keysExamined:0 docsExamined:0 numYields:0 nreturned:0 reslen:451 locks:{ Global: { acquireCount: { r: 4 } }, Database: { acquireCount: { r: 2 } }, oplog: { acquireCount: { r: 2 } } } protocol:op_command 9954ms
2017-10-29T19:12:00.504-0700 I COMMAND  [conn14] command local.oplog.rs command: getMore { getMore: 37931791471, collection: "oplog.rs", maxTimeMS: 5000, term: 2, lastKnownCommittedOpTime: { ts: Timestamp 1509329510000|1, t: 2 } } originatingCommand: { find: "oplog.rs", filter: { ts: { $gte: Timestamp 1509329225000|1 } }, tailable: true, oplogReplay: true, awaitData: true, maxTimeMS: 60000, term: 2 } planSummary: COLLSCAN cursorid:37931791471 keysExamined:0 docsExamined:0 numYields:0 nreturned:0 reslen:451 locks:{ Global: { acquireCount: { r: 4 } }, Database: { acquireCount: { r: 2 } }, oplog: { acquireCount: { r: 2 } } } protocol:op_command 9954ms
2017-10-29T19:12:40.507-0700 I COMMAND  [conn11] command local.oplog.rs command: getMore { getMore: 34680307348, collection: "oplog.rs", maxTimeMS: 5000, term: 2, lastKnownCommittedOpTime: { ts: Timestamp 1509329550000|1, t: 2 } } originatingCommand: { find: "oplog.rs", filter: { ts: { $gte: Timestamp 1509329225000|1 } }, tailable: true, oplogReplay: true, awaitData: true, maxTimeMS: 60000, term: 2 } planSummary: COLLSCAN cursorid:34680307348 keysExamined:0 docsExamined:0 numYields:0 nreturned:0 reslen:451 locks:{ Global: { acquireCount: { r: 4 } }, Database: { acquireCount: { r: 2 } }, oplog: { acquireCount: { r: 2 } } } protocol:op_command 9963ms
2017-10-29T19:12:40.507-0700 I COMMAND  [conn14] command local.oplog.rs command: getMore { getMore: 37931791471, collection: "oplog.rs", maxTimeMS: 5000, term: 2, lastKnownCommittedOpTime: { ts: Timestamp 1509329550000|1, t: 2 } } originatingCommand: { find: "oplog.rs", filter: { ts: { $gte: Timestamp 1509329225000|1 } }, tailable: true, oplogReplay: true, awaitData: true, maxTimeMS: 60000, term: 2 } planSummary: COLLSCAN cursorid:37931791471 keysExamined:0 docsExamined:0 numYields:0 nreturned:0 reslen:451 locks:{ Global: { acquireCount: { r: 4 } }, Database: { acquireCount: { r: 2 } }, oplog: { acquireCount: { r: 2 } } } protocol:op_command 9963ms
2017-10-29T19:12:50.508-0700 I COMMAND  [conn11] command local.oplog.rs command: getMore { getMore: 34680307348, collection: "oplog.rs", maxTimeMS: 5000, term: 2, lastKnownCommittedOpTime: { ts: Timestamp 1509329560000|1, t: 2 } } originatingCommand: { find: "oplog.rs", filter: { ts: { $gte: Timestamp 1509329225000|1 } }, tailable: true, oplogReplay: true, awaitData: true, maxTimeMS: 60000, term: 2 } planSummary: COLLSCAN cursorid:34680307348 keysExamined:0 docsExamined:0 numYields:0 nreturned:0 reslen:451 locks:{ Global: { acquireCount: { r: 4 } }, Database: { acquireCount: { r: 2 } }, oplog: { acquireCount: { r: 2 } } } protocol:op_command 9957ms
2017-10-29T19:12:50.508-0700 I COMMAND  [conn14] command local.oplog.rs command: getMore { getMore: 37931791471, collection: "oplog.rs", maxTimeMS: 5000, term: 2, lastKnownCommittedOpTime: { ts: Timestamp 1509329560000|1, t: 2 } } originatingCommand: { find: "oplog.rs", filter: { ts: { $gte: Timestamp 1509329225000|1 } }, tailable: true, oplogReplay: true, awaitData: true, maxTimeMS: 60000, term: 2 } planSummary: COLLSCAN cursorid:37931791471 keysExamined:0 docsExamined:0 numYields:0 nreturned:0 reslen:451 locks:{ Global: { acquireCount: { r: 4 } }, Database: { acquireCount: { r: 2 } }, oplog: { acquireCount: { r: 2 } } } protocol:op_command 9957ms
2017-10-29T19:13:36.610-0700 I NETWORK  [thread1] connection accepted from 127.0.0.1:55080 #15 (7 connections now open)
2017-10-29T19:13:36.610-0700 I NETWORK  [conn15] received client metadata from 127.0.0.1:55080 conn15: { driver: { name: "NetworkInterfaceASIO-RS", version: "3.4.9" }, os: { type: "Windows", name: "Microsoft Windows 8", architecture: "x86_64", version: "6.2 (build 9200)" } }
2017-10-29T19:13:50.538-0700 I COMMAND  [conn14] command local.oplog.rs command: getMore { getMore: 37931791471, collection: "oplog.rs", maxTimeMS: 5000, term: 2, lastKnownCommittedOpTime: { ts: Timestamp 1509329620000|1, t: 2 } } originatingCommand: { find: "oplog.rs", filter: { ts: { $gte: Timestamp 1509329225000|1 } }, tailable: true, oplogReplay: true, awaitData: true, maxTimeMS: 60000, term: 2 } planSummary: COLLSCAN cursorid:37931791471 keysExamined:0 docsExamined:0 numYields:0 nreturned:0 reslen:451 locks:{ Global: { acquireCount: { r: 4 } }, Database: { acquireCount: { r: 2 } }, oplog: { acquireCount: { r: 2 } } } protocol:op_command 9466ms
2017-10-29T19:14:00.541-0700 I COMMAND  [conn14] command local.oplog.rs command: getMore { getMore: 37931791471, collection: "oplog.rs", maxTimeMS: 5000, term: 2, lastKnownCommittedOpTime: { ts: Timestamp 1509329630000|1, t: 2 } } originatingCommand: { find: "oplog.rs", filter: { ts: { $gte: Timestamp 1509329225000|1 } }, tailable: true, oplogReplay: true, awaitData: true, maxTimeMS: 60000, term: 2 } planSummary: COLLSCAN cursorid:37931791471 keysExamined:0 docsExamined:0 numYields:0 nreturned:0 reslen:451 locks:{ Global: { acquireCount: { r: 4 } }, Database: { acquireCount: { r: 2 } }, oplog: { acquireCount: { r: 2 } } } protocol:op_command 9958ms
2017-10-29T19:14:00.542-0700 I COMMAND  [conn11] command local.oplog.rs command: getMore { getMore: 34680307348, collection: "oplog.rs", maxTimeMS: 5000, term: 2, lastKnownCommittedOpTime: { ts: Timestamp 1509329630000|1, t: 2 } } originatingCommand: { find: "oplog.rs", filter: { ts: { $gte: Timestamp 1509329225000|1 } }, tailable: true, oplogReplay: true, awaitData: true, maxTimeMS: 60000, term: 2 } planSummary: COLLSCAN cursorid:34680307348 keysExamined:0 docsExamined:0 numYields:0 nreturned:0 reslen:451 locks:{ Global: { acquireCount: { r: 4 } }, Database: { acquireCount: { r: 2 } }, oplog: { acquireCount: { r: 2 } } } protocol:op_command 9958ms
2017-10-29T19:14:10.542-0700 I COMMAND  [conn11] command local.oplog.rs command: getMore { getMore: 34680307348, collection: "oplog.rs", maxTimeMS: 5000, term: 2, lastKnownCommittedOpTime: { ts: Timestamp 1509329640000|1, t: 2 } } originatingCommand: { find: "oplog.rs", filter: { ts: { $gte: Timestamp 1509329225000|1 } }, tailable: true, oplogReplay: true, awaitData: true, maxTimeMS: 60000, term: 2 } planSummary: COLLSCAN cursorid:34680307348 keysExamined:0 docsExamined:0 numYields:0 nreturned:0 reslen:451 locks:{ Global: { acquireCount: { r: 4 } }, Database: { acquireCount: { r: 2 } }, oplog: { acquireCount: { r: 2 } } } protocol:op_command 9956ms
2017-10-29T19:14:10.542-0700 I COMMAND  [conn14] command local.oplog.rs command: getMore { getMore: 37931791471, collection: "oplog.rs", maxTimeMS: 5000, term: 2, lastKnownCommittedOpTime: { ts: Timestamp 1509329640000|1, t: 2 } } originatingCommand: { find: "oplog.rs", filter: { ts: { $gte: Timestamp 1509329225000|1 } }, tailable: true, oplogReplay: true, awaitData: true, maxTimeMS: 60000, term: 2 } planSummary: COLLSCAN cursorid:37931791471 keysExamined:0 docsExamined:0 numYields:0 nreturned:0 reslen:451 locks:{ Global: { acquireCount: { r: 4 } }, Database: { acquireCount: { r: 2 } }, oplog: { acquireCount: { r: 2 } } } protocol:op_command 9956ms
2017-10-29T19:14:16.688-0700 I NETWORK  [thread1] connection accepted from 127.0.0.1:55082 #16 (8 connections now open)
2017-10-29T19:14:16.689-0700 I NETWORK  [conn16] received client metadata from 127.0.0.1:55082 conn16: { driver: { name: "NetworkInterfaceASIO-RS", version: "3.4.9" }, os: { type: "Windows", name: "Microsoft Windows 8", architecture: "x86_64", version: "6.2 (build 9200)" } }
2017-10-29T19:14:35.608-0700 I -        [conn10] end connection 127.0.0.1:54950 (8 connections now open)
2017-10-29T19:14:40.549-0700 I COMMAND  [conn14] command local.oplog.rs command: getMore { getMore: 37931791471, collection: "oplog.rs", maxTimeMS: 5000, term: 2, lastKnownCommittedOpTime: { ts: Timestamp 1509329670000|1, t: 2 } } originatingCommand: { find: "oplog.rs", filter: { ts: { $gte: Timestamp 1509329225000|1 } }, tailable: true, oplogReplay: true, awaitData: true, maxTimeMS: 60000, term: 2 } planSummary: COLLSCAN cursorid:37931791471 keysExamined:0 docsExamined:0 numYields:0 nreturned:0 reslen:451 locks:{ Global: { acquireCount: { r: 4 } }, Database: { acquireCount: { r: 2 } }, oplog: { acquireCount: { r: 2 } } } protocol:op_command 9959ms
2017-10-29T19:14:40.549-0700 I COMMAND  [conn11] command local.oplog.rs command: getMore { getMore: 34680307348, collection: "oplog.rs", maxTimeMS: 5000, term: 2, lastKnownCommittedOpTime: { ts: Timestamp 1509329670000|1, t: 2 } } originatingCommand: { find: "oplog.rs", filter: { ts: { $gte: Timestamp 1509329225000|1 } }, tailable: true, oplogReplay: true, awaitData: true, maxTimeMS: 60000, term: 2 } planSummary: COLLSCAN cursorid:34680307348 keysExamined:0 docsExamined:0 numYields:0 nreturned:0 reslen:451 locks:{ Global: { acquireCount: { r: 4 } }, Database: { acquireCount: { r: 2 } }, oplog: { acquireCount: { r: 2 } } } protocol:op_command 9959ms
2017-10-29T19:15:15.688-0700 I -        [conn13] end connection 127.0.0.1:54997 (7 connections now open)
2017-10-29T19:15:20.556-0700 I COMMAND  [conn14] command local.oplog.rs command: getMore { getMore: 37931791471, collection: "oplog.rs", maxTimeMS: 5000, term: 2, lastKnownCommittedOpTime: { ts: Timestamp 1509329710000|1, t: 2 } } originatingCommand: { find: "oplog.rs", filter: { ts: { $gte: Timestamp 1509329225000|1 } }, tailable: true, oplogReplay: true, awaitData: true, maxTimeMS: 60000, term: 2 } planSummary: COLLSCAN cursorid:37931791471 keysExamined:0 docsExamined:0 numYields:0 nreturned:0 reslen:451 locks:{ Global: { acquireCount: { r: 4 } }, Database: { acquireCount: { r: 2 } }, oplog: { acquireCount: { r: 2 } } } protocol:op_command 9907ms
2017-10-29T19:15:20.556-0700 I COMMAND  [conn11] command local.oplog.rs command: getMore { getMore: 34680307348, collection: "oplog.rs", maxTimeMS: 5000, term: 2, lastKnownCommittedOpTime: { ts: Timestamp 1509329710000|1, t: 2 } } originatingCommand: { find: "oplog.rs", filter: { ts: { $gte: Timestamp 1509329225000|1 } }, tailable: true, oplogReplay: true, awaitData: true, maxTimeMS: 60000, term: 2 } planSummary: COLLSCAN cursorid:34680307348 keysExamined:0 docsExamined:0 numYields:0 nreturned:0 reslen:451 locks:{ Global: { acquireCount: { r: 4 } }, Database: { acquireCount: { r: 2 } }, oplog: { acquireCount: { r: 2 } } } protocol:op_command 9906ms
2017-10-29T19:16:00.559-0700 I COMMAND  [conn14] command local.oplog.rs command: getMore { getMore: 37931791471, collection: "oplog.rs", maxTimeMS: 5000, term: 2, lastKnownCommittedOpTime: { ts: Timestamp 1509329750000|1, t: 2 } } originatingCommand: { find: "oplog.rs", filter: { ts: { $gte: Timestamp 1509329225000|1 } }, tailable: true, oplogReplay: true, awaitData: true, maxTimeMS: 60000, term: 2 } planSummary: COLLSCAN cursorid:37931791471 keysExamined:0 docsExamined:0 numYields:0 nreturned:0 reslen:451 locks:{ Global: { acquireCount: { r: 4 } }, Database: { acquireCount: { r: 2 } }, oplog: { acquireCount: { r: 2 } } } protocol:op_command 9960ms
2017-10-29T19:16:00.559-0700 I COMMAND  [conn15] command local.oplog.rs command: getMore { getMore: 34680307348, collection: "oplog.rs", maxTimeMS: 5000, term: 2, lastKnownCommittedOpTime: { ts: Timestamp 1509329750000|1, t: 2 } } originatingCommand: { find: "oplog.rs", filter: { ts: { $gte: Timestamp 1509329225000|1 } }, tailable: true, oplogReplay: true, awaitData: true, maxTimeMS: 60000, term: 2 } planSummary: COLLSCAN cursorid:34680307348 keysExamined:0 docsExamined:0 numYields:0 nreturned:0 reslen:451 locks:{ Global: { acquireCount: { r: 4 } }, Database: { acquireCount: { r: 2 } }, oplog: { acquireCount: { r: 2 } } } protocol:op_command 9960ms
2017-10-29T19:16:10.568-0700 I COMMAND  [conn11] command local.oplog.rs command: getMore { getMore: 34680307348, collection: "oplog.rs", maxTimeMS: 5000, term: 2, lastKnownCommittedOpTime: { ts: Timestamp 1509329760000|1, t: 2 } } originatingCommand: { find: "oplog.rs", filter: { ts: { $gte: Timestamp 1509329225000|1 } }, tailable: true, oplogReplay: true, awaitData: true, maxTimeMS: 60000, term: 2 } planSummary: COLLSCAN cursorid:34680307348 keysExamined:0 docsExamined:0 numYields:0 nreturned:0 reslen:451 locks:{ Global: { acquireCount: { r: 4 } }, Database: { acquireCount: { r: 2 } }, oplog: { acquireCount: { r: 2 } } } protocol:op_command 9958ms
2017-10-29T19:16:30.570-0700 I COMMAND  [conn14] command local.oplog.rs command: getMore { getMore: 37931791471, collection: "oplog.rs", maxTimeMS: 5000, term: 2, lastKnownCommittedOpTime: { ts: Timestamp 1509329780000|1, t: 2 } } originatingCommand: { find: "oplog.rs", filter: { ts: { $gte: Timestamp 1509329225000|1 } }, tailable: true, oplogReplay: true, awaitData: true, maxTimeMS: 60000, term: 2 } planSummary: COLLSCAN cursorid:37931791471 keysExamined:0 docsExamined:0 numYields:0 nreturned:0 reslen:451 locks:{ Global: { acquireCount: { r: 4 } }, Database: { acquireCount: { r: 2 } }, oplog: { acquireCount: { r: 2 } } } protocol:op_command 9940ms
2017-10-29T19:16:30.570-0700 I COMMAND  [conn11] command local.oplog.rs command: getMore { getMore: 34680307348, collection: "oplog.rs", maxTimeMS: 5000, term: 2, lastKnownCommittedOpTime: { ts: Timestamp 1509329780000|1, t: 2 } } originatingCommand: { find: "oplog.rs", filter: { ts: { $gte: Timestamp 1509329225000|1 } }, tailable: true, oplogReplay: true, awaitData: true, maxTimeMS: 60000, term: 2 } planSummary: COLLSCAN cursorid:34680307348 keysExamined:0 docsExamined:0 numYields:0 nreturned:0 reslen:451 locks:{ Global: { acquireCount: { r: 4 } }, Database: { acquireCount: { r: 2 } }, oplog: { acquireCount: { r: 2 } } } protocol:op_command 9940ms
2017-10-29T19:16:40.570-0700 I COMMAND  [conn14] command local.oplog.rs command: getMore { getMore: 37931791471, collection: "oplog.rs", maxTimeMS: 5000, term: 2, lastKnownCommittedOpTime: { ts: Timestamp 1509329790000|1, t: 2 } } originatingCommand: { find: "oplog.rs", filter: { ts: { $gte: Timestamp 1509329225000|1 } }, tailable: true, oplogReplay: true, awaitData: true, maxTimeMS: 60000, term: 2 } planSummary: COLLSCAN cursorid:37931791471 keysExamined:0 docsExamined:0 numYields:0 nreturned:0 reslen:451 locks:{ Global: { acquireCount: { r: 4 } }, Database: { acquireCount: { r: 2 } }, oplog: { acquireCount: { r: 2 } } } protocol:op_command 9964ms
2017-10-29T19:17:00.579-0700 I COMMAND  [conn11] command local.oplog.rs command: getMore { getMore: 34680307348, collection: "oplog.rs", maxTimeMS: 5000, term: 2, lastKnownCommittedOpTime: { ts: Timestamp 1509329810000|1, t: 2 } } originatingCommand: { find: "oplog.rs", filter: { ts: { $gte: Timestamp 1509329225000|1 } }, tailable: true, oplogReplay: true, awaitData: true, maxTimeMS: 60000, term: 2 } planSummary: COLLSCAN cursorid:34680307348 keysExamined:0 docsExamined:0 numYields:0 nreturned:0 reslen:451 locks:{ Global: { acquireCount: { r: 4 } }, Database: { acquireCount: { r: 2 } }, oplog: { acquireCount: { r: 2 } } } protocol:op_command 9958ms
2017-10-29T19:17:00.579-0700 I COMMAND  [conn14] command local.oplog.rs command: getMore { getMore: 37931791471, collection: "oplog.rs", maxTimeMS: 5000, term: 2, lastKnownCommittedOpTime: { ts: Timestamp 1509329810000|1, t: 2 } } originatingCommand: { find: "oplog.rs", filter: { ts: { $gte: Timestamp 1509329225000|1 } }, tailable: true, oplogReplay: true, awaitData: true, maxTimeMS: 60000, term: 2 } planSummary: COLLSCAN cursorid:37931791471 keysExamined:0 docsExamined:0 numYields:0 nreturned:0 reslen:451 locks:{ Global: { acquireCount: { r: 4 } }, Database: { acquireCount: { r: 2 } }, oplog: { acquireCount: { r: 2 } } } protocol:op_command 9958ms
2017-10-29T19:17:17.940-0700 I NETWORK  [thread1] connection accepted from 127.0.0.1:55094 #17 (7 connections now open)
2017-10-29T19:17:17.941-0700 I NETWORK  [conn17] received client metadata from 127.0.0.1:55094 conn17: { driver: { name: "NetworkInterfaceASIO-RS", version: "3.4.9" }, os: { type: "Windows", name: "Microsoft Windows 8", architecture: "x86_64", version: "6.2 (build 9200)" } }
2017-10-29T19:17:30.581-0700 I COMMAND  [conn11] command local.oplog.rs command: getMore { getMore: 34680307348, collection: "oplog.rs", maxTimeMS: 5000, term: 2, lastKnownCommittedOpTime: { ts: Timestamp 1509329840000|1, t: 2 } } originatingCommand: { find: "oplog.rs", filter: { ts: { $gte: Timestamp 1509329225000|1 } }, tailable: true, oplogReplay: true, awaitData: true, maxTimeMS: 60000, term: 2 } planSummary: COLLSCAN cursorid:34680307348 keysExamined:0 docsExamined:0 numYields:0 nreturned:0 reslen:451 locks:{ Global: { acquireCount: { r: 4 } }, Database: { acquireCount: { r: 2 } }, oplog: { acquireCount: { r: 2 } } } protocol:op_command 9966ms
2017-10-29T19:17:40.581-0700 I COMMAND  [conn14] command local.oplog.rs command: getMore { getMore: 37931791471, collection: "oplog.rs", maxTimeMS: 5000, term: 2, lastKnownCommittedOpTime: { ts: Timestamp 1509329850000|1, t: 2 } } originatingCommand: { find: "oplog.rs", filter: { ts: { $gte: Timestamp 1509329225000|1 } }, tailable: true, oplogReplay: true, awaitData: true, maxTimeMS: 60000, term: 2 } planSummary: COLLSCAN cursorid:37931791471 keysExamined:0 docsExamined:0 numYields:0 nreturned:0 reslen:451 locks:{ Global: { acquireCount: { r: 4 } }, Database: { acquireCount: { r: 2 } }, oplog: { acquireCount: { r: 2 } } } protocol:op_command 9961ms
2017-10-29T19:18:16.937-0700 I -        [conn16] end connection 127.0.0.1:55082 (7 connections now open)
2017-10-29T19:19:10.595-0700 I COMMAND  [conn11] command local.oplog.rs command: getMore { getMore: 34680307348, collection: "oplog.rs", maxTimeMS: 5000, term: 2, lastKnownCommittedOpTime: { ts: Timestamp 1509329940000|1, t: 2 } } originatingCommand: { find: "oplog.rs", filter: { ts: { $gte: Timestamp 1509329225000|1 } }, tailable: true, oplogReplay: true, awaitData: true, maxTimeMS: 60000, term: 2 } planSummary: COLLSCAN cursorid:34680307348 keysExamined:0 docsExamined:0 numYields:0 nreturned:0 reslen:451 locks:{ Global: { acquireCount: { r: 4 } }, Database: { acquireCount: { r: 2 } }, oplog: { acquireCount: { r: 2 } } } protocol:op_command 9961ms
2017-10-29T19:19:10.595-0700 I COMMAND  [conn14] command local.oplog.rs command: getMore { getMore: 37931791471, collection: "oplog.rs", maxTimeMS: 5000, term: 2, lastKnownCommittedOpTime: { ts: Timestamp 1509329940000|1, t: 2 } } originatingCommand: { find: "oplog.rs", filter: { ts: { $gte: Timestamp 1509329225000|1 } }, tailable: true, oplogReplay: true, awaitData: true, maxTimeMS: 60000, term: 2 } planSummary: COLLSCAN cursorid:37931791471 keysExamined:0 docsExamined:0 numYields:0 nreturned:0 reslen:451 locks:{ Global: { acquireCount: { r: 4 } }, Database: { acquireCount: { r: 2 } }, oplog: { acquireCount: { r: 2 } } } protocol:op_command 9961ms
2017-10-29T19:19:36.652-0700 I NETWORK  [thread1] connection accepted from 127.0.0.1:55110 #18 (7 connections now open)
2017-10-29T19:19:36.653-0700 I NETWORK  [conn18] received client metadata from 127.0.0.1:55110 conn18: { driver: { name: "NetworkInterfaceASIO-RS", version: "3.4.9" }, os: { type: "Windows", name: "Microsoft Windows 8", architecture: "x86_64", version: "6.2 (build 9200)" } }
2017-10-29T19:20:00.604-0700 I COMMAND  [conn14] command local.oplog.rs command: getMore { getMore: 37931791471, collection: "oplog.rs", maxTimeMS: 5000, term: 2, lastKnownCommittedOpTime: { ts: Timestamp 1509329990000|1, t: 2 } } originatingCommand: { find: "oplog.rs", filter: { ts: { $gte: Timestamp 1509329225000|1 } }, tailable: true, oplogReplay: true, awaitData: true, maxTimeMS: 60000, term: 2 } planSummary: COLLSCAN cursorid:37931791471 keysExamined:0 docsExamined:0 numYields:0 nreturned:0 reslen:451 locks:{ Global: { acquireCount: { r: 4 } }, Database: { acquireCount: { r: 2 } }, oplog: { acquireCount: { r: 2 } } } protocol:op_command 9964ms
2017-10-29T19:20:00.604-0700 I COMMAND  [conn15] command local.oplog.rs command: getMore { getMore: 34680307348, collection: "oplog.rs", maxTimeMS: 5000, term: 2, lastKnownCommittedOpTime: { ts: Timestamp 1509329990000|1, t: 2 } } originatingCommand: { find: "oplog.rs", filter: { ts: { $gte: Timestamp 1509329225000|1 } }, tailable: true, oplogReplay: true, awaitData: true, maxTimeMS: 60000, term: 2 } planSummary: COLLSCAN cursorid:34680307348 keysExamined:0 docsExamined:0 numYields:0 nreturned:0 reslen:451 locks:{ Global: { acquireCount: { r: 4 } }, Database: { acquireCount: { r: 2 } }, oplog: { acquireCount: { r: 2 } } } protocol:op_command 9964ms
2017-10-29T19:20:10.604-0700 I COMMAND  [conn15] command local.oplog.rs command: getMore { getMore: 34680307348, collection: "oplog.rs", maxTimeMS: 5000, term: 2, lastKnownCommittedOpTime: { ts: Timestamp 1509330000000|1, t: 2 } } originatingCommand: { find: "oplog.rs", filter: { ts: { $gte: Timestamp 1509329225000|1 } }, tailable: true, oplogReplay: true, awaitData: true, maxTimeMS: 60000, term: 2 } planSummary: COLLSCAN cursorid:34680307348 keysExamined:0 docsExamined:0 numYields:0 nreturned:0 reslen:451 locks:{ Global: { acquireCount: { r: 4 } }, Database: { acquireCount: { r: 2 } }, oplog: { acquireCount: { r: 2 } } } protocol:op_command 9865ms
2017-10-29T19:20:20.606-0700 I COMMAND  [conn14] command local.oplog.rs command: getMore { getMore: 37931791471, collection: "oplog.rs", maxTimeMS: 5000, term: 2, lastKnownCommittedOpTime: { ts: Timestamp 1509330010000|1, t: 2 } } originatingCommand: { find: "oplog.rs", filter: { ts: { $gte: Timestamp 1509329225000|1 } }, tailable: true, oplogReplay: true, awaitData: true, maxTimeMS: 60000, term: 2 } planSummary: COLLSCAN cursorid:37931791471 keysExamined:0 docsExamined:0 numYields:0 nreturned:0 reslen:451 locks:{ Global: { acquireCount: { r: 4 } }, Database: { acquireCount: { r: 2 } }, oplog: { acquireCount: { r: 2 } } } protocol:op_command 9949ms
2017-10-29T19:20:20.606-0700 I COMMAND  [conn15] command local.oplog.rs command: getMore { getMore: 34680307348, collection: "oplog.rs", maxTimeMS: 5000, term: 2, lastKnownCommittedOpTime: { ts: Timestamp 1509330010000|1, t: 2 } } originatingCommand: { find: "oplog.rs", filter: { ts: { $gte: Timestamp 1509329225000|1 } }, tailable: true, oplogReplay: true, awaitData: true, maxTimeMS: 60000, term: 2 } planSummary: COLLSCAN cursorid:34680307348 keysExamined:0 docsExamined:0 numYields:0 nreturned:0 reslen:451 locks:{ Global: { acquireCount: { r: 4 } }, Database: { acquireCount: { r: 2 } }, oplog: { acquireCount: { r: 2 } } } protocol:op_command 9949ms
2017-10-29T19:20:35.651-0700 I -        [conn11] end connection 127.0.0.1:54951 (7 connections now open)
2017-10-29T19:21:06.661-0700 I NETWORK  [thread1] connection accepted from 127.0.0.1:55118 #19 (7 connections now open)
2017-10-29T19:21:06.663-0700 I NETWORK  [conn19] received client metadata from 127.0.0.1:55118 conn19: { driver: { name: "NetworkInterfaceASIO-RS", version: "3.4.9" }, os: { type: "Windows", name: "Microsoft Windows 8", architecture: "x86_64", version: "6.2 (build 9200)" } }
2017-10-29T19:21:20.614-0700 I COMMAND  [conn14] command local.oplog.rs command: getMore { getMore: 37931791471, collection: "oplog.rs", maxTimeMS: 5000, term: 2, lastKnownCommittedOpTime: { ts: Timestamp 1509330070000|1, t: 2 } } originatingCommand: { find: "oplog.rs", filter: { ts: { $gte: Timestamp 1509329225000|1 } }, tailable: true, oplogReplay: true, awaitData: true, maxTimeMS: 60000, term: 2 } planSummary: COLLSCAN cursorid:37931791471 keysExamined:0 docsExamined:0 numYields:0 nreturned:0 reslen:451 locks:{ Global: { acquireCount: { r: 4 } }, Database: { acquireCount: { r: 2 } }, oplog: { acquireCount: { r: 2 } } } protocol:op_command 9954ms
2017-10-29T19:21:56.671-0700 I NETWORK  [thread1] connection accepted from 127.0.0.1:55120 #20 (8 connections now open)
2017-10-29T19:21:56.672-0700 I NETWORK  [conn20] received client metadata from 127.0.0.1:55120 conn20: { driver: { name: "NetworkInterfaceASIO-RS", version: "3.4.9" }, os: { type: "Windows", name: "Microsoft Windows 8", architecture: "x86_64", version: "6.2 (build 9200)" } }
2017-10-29T19:22:05.660-0700 I -        [conn18] end connection 127.0.0.1:55110 (8 connections now open)
2017-10-29T19:22:10.622-0700 I COMMAND  [conn19] command local.oplog.rs command: getMore { getMore: 34680307348, collection: "oplog.rs", maxTimeMS: 5000, term: 2, lastKnownCommittedOpTime: { ts: Timestamp 1509330120000|1, t: 2 } } originatingCommand: { find: "oplog.rs", filter: { ts: { $gte: Timestamp 1509329225000|1 } }, tailable: true, oplogReplay: true, awaitData: true, maxTimeMS: 60000, term: 2 } planSummary: COLLSCAN cursorid:34680307348 keysExamined:0 docsExamined:0 numYields:0 nreturned:0 reslen:451 locks:{ Global: { acquireCount: { r: 4 } }, Database: { acquireCount: { r: 2 } }, oplog: { acquireCount: { r: 2 } } } protocol:op_command 9353ms
2017-10-29T19:23:00.627-0700 I COMMAND  [conn17] command local.oplog.rs command: getMore { getMore: 37931791471, collection: "oplog.rs", maxTimeMS: 5000, term: 2, lastKnownCommittedOpTime: { ts: Timestamp 1509330170000|1, t: 2 } } originatingCommand: { find: "oplog.rs", filter: { ts: { $gte: Timestamp 1509329225000|1 } }, tailable: true, oplogReplay: true, awaitData: true, maxTimeMS: 60000, term: 2 } planSummary: COLLSCAN cursorid:37931791471 keysExamined:0 docsExamined:0 numYields:0 nreturned:0 reslen:451 locks:{ Global: { acquireCount: { r: 4 } }, Database: { acquireCount: { r: 2 } }, oplog: { acquireCount: { r: 2 } } } protocol:op_command 9957ms
2017-10-29T19:23:00.627-0700 I COMMAND  [conn15] command local.oplog.rs command: getMore { getMore: 34680307348, collection: "oplog.rs", maxTimeMS: 5000, term: 2, lastKnownCommittedOpTime: { ts: Timestamp 1509330170000|1, t: 2 } } originatingCommand: { find: "oplog.rs", filter: { ts: { $gte: Timestamp 1509329225000|1 } }, tailable: true, oplogReplay: true, awaitData: true, maxTimeMS: 60000, term: 2 } planSummary: COLLSCAN cursorid:34680307348 keysExamined:0 docsExamined:0 numYields:0 nreturned:0 reslen:451 locks:{ Global: { acquireCount: { r: 4 } }, Database: { acquireCount: { r: 2 } }, oplog: { acquireCount: { r: 2 } } } protocol:op_command 9957ms
2017-10-29T19:23:10.627-0700 I COMMAND  [conn15] command local.oplog.rs command: getMore { getMore: 34680307348, collection: "oplog.rs", maxTimeMS: 5000, term: 2, lastKnownCommittedOpTime: { ts: Timestamp 1509330180000|1, t: 2 } } originatingCommand: { find: "oplog.rs", filter: { ts: { $gte: Timestamp 1509329225000|1 } }, tailable: true, oplogReplay: true, awaitData: true, maxTimeMS: 60000, term: 2 } planSummary: COLLSCAN cursorid:34680307348 keysExamined:0 docsExamined:0 numYields:0 nreturned:0 reslen:451 locks:{ Global: { acquireCount: { r: 4 } }, Database: { acquireCount: { r: 2 } }, oplog: { acquireCount: { r: 2 } } } protocol:op_command 9947ms
2017-10-29T19:23:10.627-0700 I COMMAND  [conn17] command local.oplog.rs command: getMore { getMore: 37931791471, collection: "oplog.rs", maxTimeMS: 5000, term: 2, lastKnownCommittedOpTime: { ts: Timestamp 1509330180000|1, t: 2 } } originatingCommand: { find: "oplog.rs", filter: { ts: { $gte: Timestamp 1509329225000|1 } }, tailable: true, oplogReplay: true, awaitData: true, maxTimeMS: 60000, term: 2 } planSummary: COLLSCAN cursorid:37931791471 keysExamined:0 docsExamined:0 numYields:0 nreturned:0 reslen:451 locks:{ Global: { acquireCount: { r: 4 } }, Database: { acquireCount: { r: 2 } }, oplog: { acquireCount: { r: 2 } } } protocol:op_command 9947ms
2017-10-29T19:23:14.967-0700 I REPL     [ReplicationExecutor] Error in heartbeat request to localhost:27017; InterruptedAtShutdown: interrupted at shutdown
2017-10-29T19:23:14.968-0700 I REPL     [ReplicationExecutor] Error in heartbeat request to localhost:27017; InterruptedAtShutdown: interrupted at shutdown
2017-10-29T19:23:14.968-0700 I REPL     [ReplicationExecutor] Error in heartbeat request to localhost:27017; InterruptedAtShutdown: interrupted at shutdown
2017-10-29T19:23:15.680-0700 I -        [conn19] end connection 127.0.0.1:55118 (7 connections now open)
2017-10-29T19:23:15.720-0700 I -        [conn5] end connection 127.0.0.1:54308 (6 connections now open)
2017-10-29T19:23:15.720-0700 I -        [conn15] end connection 127.0.0.1:55080 (6 connections now open)
2017-10-29T19:23:16.712-0700 I -        [conn14] end connection 127.0.0.1:54999 (4 connections now open)
2017-10-29T19:23:16.712-0700 I -        [conn12] end connection 127.0.0.1:54956 (4 connections now open)
2017-10-29T19:23:16.712-0700 I -        [conn20] end connection 127.0.0.1:55120 (4 connections now open)
2017-10-29T19:23:16.717-0700 I CONTROL  [thread2] CTRL_CLOSE_EVENT signal
2017-10-29T19:23:16.717-0700 I CONTROL  [consoleTerminate] got CTRL_CLOSE_EVENT, will terminate after current cmd ends
2017-10-29T19:23:16.717-0700 I NETWORK  [consoleTerminate] shutdown: going to close listening sockets...
2017-10-29T19:23:16.717-0700 I NETWORK  [consoleTerminate] closing listening socket: 532
2017-10-29T19:23:16.718-0700 I NETWORK  [consoleTerminate] shutdown: going to flush diaglog...
2017-10-29T19:23:16.718-0700 I REPL     [consoleTerminate] shutting down replication subsystems
2017-10-29T19:23:16.718-0700 I REPL     [consoleTerminate] Stopping replication reporter thread
2017-10-29T19:23:16.718-0700 I REPL     [consoleTerminate] Stopping replication fetcher thread
2017-10-29T19:23:16.718-0700 I REPL     [consoleTerminate] Stopping replication applier thread
2017-10-29T19:23:16.782-0700 I ASIO     [ReplicationExecutor] dropping unhealthy pooled connection to localhost:27018
2017-10-29T19:23:16.782-0700 I ASIO     [ReplicationExecutor] after drop, pool was empty, going to spawn some connections
2017-10-29T19:23:16.782-0700 I ASIO     [NetworkInterfaceASIO-Replication-0] Connecting to localhost:27018
2017-10-29T19:23:16.829-0700 I REPL     [consoleTerminate] Stopping replication storage threads
2017-10-29T19:23:16.832-0700 I FTDC     [consoleTerminate] Shutting down full-time diagnostic data capture
2017-10-29T19:23:16.869-0700 I STORAGE  [consoleTerminate] WiredTigerKVEngine shutting down
2017-10-29T19:23:17.340-0700 I STORAGE  [consoleTerminate] shutdown: removing fs lock...
2017-10-29T19:23:17.341-0700 I CONTROL  [consoleTerminate] now exiting
2017-10-29T19:23:17.341-0700 I CONTROL  [consoleTerminate] shutting down with code:12
